{"/Users/ocastiblanco/andarios/parking/andarrios-parking/src/application/hooks/useAuth.ts": {"path":"/Users/ocastiblanco/andarios/parking/andarrios-parking/src/application/hooks/useAuth.ts","statementMap":{"0":{"start":{"line":1,"column":0},"end":{"line":1,"column":null}},"1":{"start":{"line":12,"column":24},"end":{"line":12,"column":null}},"2":{"start":{"line":13,"column":19},"end":{"line":13,"column":52}},"3":{"start":{"line":14,"column":19},"end":{"line":14,"column":null}},"4":{"start":{"line":17,"column":2},"end":{"line":21,"column":null}},"5":{"start":{"line":18,"column":21},"end":{"line":19,"column":83}},"6":{"start":{"line":20,"column":4},"end":{"line":20,"column":null}},"7":{"start":{"line":21,"column":12},"end":{"line":21,"column":null}},"8":{"start":{"line":25,"column":19},"end":{"line":25,"column":56}},"9":{"start":{"line":26,"column":15},"end":{"line":26,"column":null}},"10":{"start":{"line":27,"column":18},"end":{"line":27,"column":null}},"11":{"start":{"line":28,"column":2},"end":{"line":28,"column":null}},"12":{"start":{"line":29,"column":2},"end":{"line":29,"column":null}},"13":{"start":{"line":29,"column":28},"end":{"line":29,"column":37}},"14":{"start":{"line":33,"column":2},"end":{"line":33,"column":null}},"15":{"start":{"line":34,"column":2},"end":{"line":34,"column":null}},"16":{"start":{"line":35,"column":2},"end":{"line":35,"column":null}},"17":{"start":{"line":39,"column":2},"end":{"line":39,"column":null}},"18":{"start":{"line":39,"column":20},"end":{"line":39,"column":null}},"19":{"start":{"line":40,"column":2},"end":{"line":40,"column":null}},"20":{"start":{"line":41,"column":2},"end":{"line":41,"column":null}},"21":{"start":{"line":42,"column":2},"end":{"line":42,"column":null}},"22":{"start":{"line":42,"column":47},"end":{"line":42,"column":65}},"23":{"start":{"line":46,"column":12},"end":{"line":46,"column":47}},"24":{"start":{"line":47,"column":2},"end":{"line":52,"column":null}},"25":{"start":{"line":48,"column":4},"end":{"line":48,"column":null}},"26":{"start":{"line":49,"column":4},"end":{"line":49,"column":null}},"27":{"start":{"line":50,"column":4},"end":{"line":50,"column":null}},"28":{"start":{"line":51,"column":4},"end":{"line":51,"column":null}},"29":{"start":{"line":51,"column":19},"end":{"line":51,"column":null}},"30":{"start":{"line":53,"column":2},"end":{"line":53,"column":null}},"31":{"start":{"line":57,"column":2},"end":{"line":57,"column":null}},"32":{"start":{"line":58,"column":2},"end":{"line":58,"column":null}}},"fnMap":{"0":{"name":"checkAdmin","decl":{"start":{"line":16,"column":15},"end":{"line":16,"column":26}},"loc":{"start":{"line":16,"column":60},"end":{"line":21,"column":null}},"line":16},"1":{"name":"refresh","decl":{"start":{"line":24,"column":15},"end":{"line":24,"column":40}},"loc":{"start":{"line":24,"column":40},"end":{"line":29,"column":null}},"line":24},"2":{"name":"(anonymous_2)","decl":{"start":{"line":29,"column":13},"end":{"line":29,"column":22}},"loc":{"start":{"line":29,"column":28},"end":{"line":29,"column":37}},"line":29},"3":{"name":"_resetAuthForTests","decl":{"start":{"line":32,"column":16},"end":{"line":32,"column":43}},"loc":{"start":{"line":32,"column":43},"end":{"line":35,"column":null}},"line":32},"4":{"name":"init","decl":{"start":{"line":38,"column":9},"end":{"line":38,"column":22}},"loc":{"start":{"line":38,"column":22},"end":{"line":42,"column":null}},"line":38},"5":{"name":"(anonymous_5)","decl":{"start":{"line":42,"column":21},"end":{"line":42,"column":45}},"loc":{"start":{"line":42,"column":45},"end":{"line":42,"column":null}},"line":42},"6":{"name":"useAuth","decl":{"start":{"line":45,"column":16},"end":{"line":45,"column":37}},"loc":{"start":{"line":45,"column":37},"end":{"line":53,"column":null}},"line":45},"7":{"name":"(anonymous_7)","decl":{"start":{"line":47,"column":2},"end":{"line":47,"column":18}},"loc":{"start":{"line":47,"column":18},"end":{"line":52,"column":7}},"line":47},"8":{"name":"(anonymous_8)","decl":{"start":{"line":51,"column":4},"end":{"line":51,"column":17}},"loc":{"start":{"line":51,"column":17},"end":{"line":51,"column":null}},"line":51},"9":{"name":"logout","decl":{"start":{"line":56,"column":22},"end":{"line":56,"column":46}},"loc":{"start":{"line":56,"column":46},"end":{"line":58,"column":null}},"line":56}},"branchMap":{"0":{"loc":{"start":{"line":26,"column":15},"end":{"line":26,"column":null}},"type":"binary-expr","locations":[{"start":{"line":26,"column":15},"end":{"line":26,"column":37}},{"start":{"line":26,"column":37},"end":{"line":26,"column":null}}],"line":26},"1":{"loc":{"start":{"line":27,"column":18},"end":{"line":27,"column":null}},"type":"cond-expr","locations":[{"start":{"line":27,"column":25},"end":{"line":27,"column":50}},{"start":{"line":27,"column":53},"end":{"line":27,"column":null}}],"line":27},"2":{"loc":{"start":{"line":28,"column":19},"end":{"line":28,"column":69}},"type":"cond-expr","locations":[{"start":{"line":28,"column":26},"end":{"line":28,"column":63}},{"start":{"line":28,"column":63},"end":{"line":28,"column":69}}],"line":28},"3":{"loc":{"start":{"line":39,"column":2},"end":{"line":39,"column":null}},"type":"if","locations":[{"start":{"line":39,"column":2},"end":{"line":39,"column":null}},{"start":{},"end":{}}],"line":39}},"s":{"0":1,"1":1,"2":1,"3":1,"4":4,"5":4,"6":3,"7":1,"8":12,"9":11,"10":12,"11":12,"12":12,"13":11,"14":10,"15":10,"16":10,"17":11,"18":1,"19":10,"20":10,"21":10,"22":1,"23":33,"24":33,"25":11,"26":11,"27":11,"28":11,"29":11,"30":33,"31":1,"32":1},"f":{"0":4,"1":12,"2":11,"3":10,"4":11,"5":1,"6":33,"7":11,"8":11,"9":1},"b":{"0":[11,7],"1":[4,7],"2":[4,7],"3":[1,10]},"meta":{"lastBranch":4,"lastFunction":10,"lastStatement":33,"seen":{"s:1:0:1:Infinity":0,"s:12:24:12:Infinity":1,"s:13:19:13:52":2,"s:14:19:14:Infinity":3,"f:16:15:16:26":0,"s:17:2:21:Infinity":4,"s:18:21:19:83":5,"s:20:4:20:Infinity":6,"s:21:12:21:Infinity":7,"f:24:15:24:40":1,"s:25:19:25:56":8,"s:26:15:26:Infinity":9,"b:26:15:26:37:26:37:26:Infinity":0,"s:27:18:27:Infinity":10,"b:27:25:27:50:27:53:27:Infinity":1,"s:28:2:28:Infinity":11,"b:28:26:28:63:28:63:28:69":2,"s:29:2:29:Infinity":12,"f:29:13:29:22":2,"s:29:28:29:37":13,"f:32:16:32:43":3,"s:33:2:33:Infinity":14,"s:34:2:34:Infinity":15,"s:35:2:35:Infinity":16,"f:38:9:38:22":4,"b:39:2:39:Infinity:undefined:undefined:undefined:undefined":3,"s:39:2:39:Infinity":17,"s:39:20:39:Infinity":18,"s:40:2:40:Infinity":19,"s:41:2:41:Infinity":20,"s:42:2:42:Infinity":21,"f:42:21:42:45":5,"s:42:47:42:65":22,"f:45:16:45:37":6,"s:46:12:46:47":23,"s:47:2:52:Infinity":24,"f:47:2:47:18":7,"s:48:4:48:Infinity":25,"s:49:4:49:Infinity":26,"s:50:4:50:Infinity":27,"s:51:4:51:Infinity":28,"f:51:4:51:17":8,"s:51:19:51:Infinity":29,"s:53:2:53:Infinity":30,"f:56:22:56:46":9,"s:57:2:57:Infinity":31,"s:58:2:58:Infinity":32}}}
,"/Users/ocastiblanco/andarios/parking/andarrios-parking/src/application/hooks/usePricing.ts": {"path":"/Users/ocastiblanco/andarios/parking/andarrios-parking/src/application/hooks/usePricing.ts","statementMap":{"0":{"start":{"line":1,"column":0},"end":{"line":1,"column":null}},"1":{"start":{"line":10,"column":40},"end":{"line":10,"column":null}},"2":{"start":{"line":13,"column":18},"end":{"line":13,"column":73}},"3":{"start":{"line":15,"column":2},"end":{"line":21,"column":null}},"4":{"start":{"line":16,"column":10},"end":{"line":19,"column":6}},"5":{"start":{"line":16,"column":16},"end":{"line":16,"column":63}},"6":{"start":{"line":17,"column":23},"end":{"line":17,"column":null}},"7":{"start":{"line":17,"column":32},"end":{"line":17,"column":null}},"8":{"start":{"line":18,"column":20},"end":{"line":18,"column":null}},"9":{"start":{"line":20,"column":4},"end":{"line":20,"column":null}},"10":{"start":{"line":20,"column":17},"end":{"line":20,"column":34}},"11":{"start":{"line":23,"column":2},"end":{"line":23,"column":null}}},"fnMap":{"0":{"name":"usePricing","decl":{"start":{"line":12,"column":16},"end":{"line":12,"column":44}},"loc":{"start":{"line":12,"column":44},"end":{"line":23,"column":null}},"line":12},"1":{"name":"(anonymous_1)","decl":{"start":{"line":15,"column":2},"end":{"line":15,"column":18}},"loc":{"start":{"line":15,"column":18},"end":{"line":21,"column":7}},"line":15},"2":{"name":"(anonymous_2)","decl":{"start":{"line":16,"column":16},"end":{"line":16,"column":32}},"loc":{"start":{"line":16,"column":16},"end":{"line":16,"column":63}},"line":16},"3":{"name":"(anonymous_3)","decl":{"start":{"line":17,"column":6},"end":{"line":17,"column":13}},"loc":{"start":{"line":17,"column":21},"end":{"line":17,"column":null}},"line":17},"4":{"name":"(anonymous_4)","decl":{"start":{"line":18,"column":6},"end":{"line":18,"column":14}},"loc":{"start":{"line":18,"column":20},"end":{"line":18,"column":null}},"line":18},"5":{"name":"(anonymous_5)","decl":{"start":{"line":20,"column":4},"end":{"line":20,"column":17}},"loc":{"start":{"line":20,"column":17},"end":{"line":20,"column":34}},"line":20}},"branchMap":{"0":{"loc":{"start":{"line":17,"column":23},"end":{"line":17,"column":null}},"type":"if","locations":[{"start":{"line":17,"column":23},"end":{"line":17,"column":null}},{"start":{},"end":{}}],"line":17}},"s":{"0":1,"1":1,"2":5,"3":5,"4":4,"5":0,"6":2,"7":1,"8":1,"9":4,"10":4,"11":5},"f":{"0":5,"1":4,"2":0,"3":2,"4":1,"5":4},"b":{"0":[1,1]},"meta":{"lastBranch":1,"lastFunction":6,"lastStatement":12,"seen":{"s:1:0:1:Infinity":0,"s:10:40:10:Infinity":1,"f:12:16:12:44":0,"s:13:18:13:73":2,"s:15:2:21:Infinity":3,"f:15:2:15:18":1,"s:16:10:19:6":4,"f:16:16:16:32":2,"s:16:16:16:63":5,"f:17:6:17:13":3,"b:17:23:17:Infinity:undefined:undefined:undefined:undefined":0,"s:17:23:17:Infinity":6,"s:17:32:17:Infinity":7,"f:18:6:18:14":4,"s:18:20:18:Infinity":8,"s:20:4:20:Infinity":9,"f:20:4:20:17":5,"s:20:17:20:34":10,"s:23:2:23:Infinity":11}}}
,"/Users/ocastiblanco/andarios/parking/andarrios-parking/src/application/hooks/useSync.ts": {"path":"/Users/ocastiblanco/andarios/parking/andarrios-parking/src/application/hooks/useSync.ts","statementMap":{"0":{"start":{"line":1,"column":0},"end":{"line":1,"column":null}},"1":{"start":{"line":13,"column":16},"end":{"line":13,"column":81}},"2":{"start":{"line":15,"column":2},"end":{"line":19,"column":null}},"3":{"start":{"line":16,"column":4},"end":{"line":16,"column":null}},"4":{"start":{"line":17,"column":10},"end":{"line":17,"column":80}},"5":{"start":{"line":17,"column":44},"end":{"line":17,"column":79}},"6":{"start":{"line":18,"column":4},"end":{"line":18,"column":null}},"7":{"start":{"line":18,"column":19},"end":{"line":18,"column":null}},"8":{"start":{"line":21,"column":2},"end":{"line":21,"column":null}}},"fnMap":{"0":{"name":"useSync","decl":{"start":{"line":12,"column":16},"end":{"line":12,"column":37}},"loc":{"start":{"line":12,"column":37},"end":{"line":21,"column":null}},"line":12},"1":{"name":"(anonymous_1)","decl":{"start":{"line":15,"column":2},"end":{"line":15,"column":18}},"loc":{"start":{"line":15,"column":18},"end":{"line":19,"column":7}},"line":15},"2":{"name":"(anonymous_2)","decl":{"start":{"line":17,"column":18},"end":{"line":17,"column":35}},"loc":{"start":{"line":17,"column":44},"end":{"line":17,"column":79}},"line":17},"3":{"name":"(anonymous_3)","decl":{"start":{"line":18,"column":4},"end":{"line":18,"column":17}},"loc":{"start":{"line":18,"column":17},"end":{"line":18,"column":null}},"line":18}},"branchMap":{},"s":{"0":1,"1":5,"2":5,"3":2,"4":2,"5":3,"6":2,"7":2,"8":5},"f":{"0":5,"1":2,"2":3,"3":2},"b":{},"meta":{"lastBranch":0,"lastFunction":4,"lastStatement":9,"seen":{"s:1:0:1:Infinity":0,"f:12:16:12:37":0,"s:13:16:13:81":1,"s:15:2:19:Infinity":2,"f:15:2:15:18":1,"s:16:4:16:Infinity":3,"s:17:10:17:80":4,"f:17:18:17:35":2,"s:17:44:17:79":5,"s:18:4:18:Infinity":6,"f:18:4:18:17":3,"s:18:19:18:Infinity":7,"s:21:2:21:Infinity":8}}}
,"/Users/ocastiblanco/andarios/parking/andarrios-parking/src/application/providers/AppProviders.tsx": {"path":"/Users/ocastiblanco/andarios/parking/andarrios-parking/src/application/providers/AppProviders.tsx","statementMap":{"0":{"start":{"line":1,"column":0},"end":{"line":1,"column":null}},"1":{"start":{"line":3,"column":2},"end":{"line":3,"column":null}}},"fnMap":{"0":{"name":"AppProviders","decl":{"start":{"line":2,"column":24},"end":{"line":2,"column":37}},"loc":{"start":{"line":2,"column":82},"end":{"line":3,"column":null}},"line":2}},"branchMap":{},"s":{"0":1,"1":1},"f":{"0":1},"b":{},"meta":{"lastBranch":0,"lastFunction":1,"lastStatement":2,"seen":{"s:1:0:1:Infinity":0,"f:2:24:2:37":0,"s:3:2:3:Infinity":1}}}
,"/Users/ocastiblanco/andarios/parking/andarrios-parking/src/domain/constants.ts": {"path":"/Users/ocastiblanco/andarios/parking/andarrios-parking/src/domain/constants.ts","statementMap":{"0":{"start":{"line":1,"column":22},"end":{"line":1,"column":null}},"1":{"start":{"line":2,"column":32},"end":{"line":2,"column":null}},"2":{"start":{"line":3,"column":31},"end":{"line":3,"column":null}},"3":{"start":{"line":4,"column":26},"end":{"line":4,"column":null}},"4":{"start":{"line":5,"column":28},"end":{"line":5,"column":null}},"5":{"start":{"line":6,"column":33},"end":{"line":6,"column":null}},"6":{"start":{"line":7,"column":32},"end":{"line":7,"column":null}},"7":{"start":{"line":8,"column":33},"end":{"line":8,"column":null}},"8":{"start":{"line":9,"column":24},"end":{"line":9,"column":null}},"9":{"start":{"line":10,"column":30},"end":{"line":10,"column":null}},"10":{"start":{"line":11,"column":26},"end":{"line":11,"column":null}},"11":{"start":{"line":15,"column":22},"end":{"line":15,"column":null}},"12":{"start":{"line":17,"column":31},"end":{"line":17,"column":null}},"13":{"start":{"line":19,"column":30},"end":{"line":19,"column":null}},"14":{"start":{"line":21,"column":26},"end":{"line":21,"column":null}},"15":{"start":{"line":23,"column":33},"end":{"line":23,"column":null}},"16":{"start":{"line":25,"column":28},"end":{"line":25,"column":null}},"17":{"start":{"line":27,"column":31},"end":{"line":27,"column":null}}},"fnMap":{},"branchMap":{},"s":{"0":7,"1":7,"2":7,"3":7,"4":7,"5":7,"6":7,"7":7,"8":7,"9":7,"10":7,"11":7,"12":7,"13":7,"14":7,"15":7,"16":7,"17":7},"f":{},"b":{},"meta":{"lastBranch":0,"lastFunction":0,"lastStatement":18,"seen":{"s:1:22:1:Infinity":0,"s:2:32:2:Infinity":1,"s:3:31:3:Infinity":2,"s:4:26:4:Infinity":3,"s:5:28:5:Infinity":4,"s:6:33:6:Infinity":5,"s:7:32:7:Infinity":6,"s:8:33:8:Infinity":7,"s:9:24:9:Infinity":8,"s:10:30:10:Infinity":9,"s:11:26:11:Infinity":10,"s:15:22:15:Infinity":11,"s:17:31:17:Infinity":12,"s:19:30:19:Infinity":13,"s:21:26:21:Infinity":14,"s:23:33:23:Infinity":15,"s:25:28:25:Infinity":16,"s:27:31:27:Infinity":17}}}
,"/Users/ocastiblanco/andarios/parking/andarrios-parking/src/domain/entities/ActivityLog.ts": {"path":"/Users/ocastiblanco/andarios/parking/andarrios-parking/src/domain/entities/ActivityLog.ts","statementMap":{},"fnMap":{},"branchMap":{},"s":{},"f":{},"b":{},"meta":{"lastBranch":0,"lastFunction":0,"lastStatement":0,"seen":{}}}
,"/Users/ocastiblanco/andarios/parking/andarrios-parking/src/domain/entities/BlockedUnit.ts": {"path":"/Users/ocastiblanco/andarios/parking/andarrios-parking/src/domain/entities/BlockedUnit.ts","statementMap":{},"fnMap":{},"branchMap":{},"s":{},"f":{},"b":{},"meta":{"lastBranch":0,"lastFunction":0,"lastStatement":0,"seen":{}}}
,"/Users/ocastiblanco/andarios/parking/andarrios-parking/src/domain/entities/DailyClose.ts": {"path":"/Users/ocastiblanco/andarios/parking/andarrios-parking/src/domain/entities/DailyClose.ts","statementMap":{},"fnMap":{},"branchMap":{},"s":{},"f":{},"b":{},"meta":{"lastBranch":0,"lastFunction":0,"lastStatement":0,"seen":{}}}
,"/Users/ocastiblanco/andarios/parking/andarrios-parking/src/domain/entities/MonthlyFee.ts": {"path":"/Users/ocastiblanco/andarios/parking/andarrios-parking/src/domain/entities/MonthlyFee.ts","statementMap":{},"fnMap":{},"branchMap":{},"s":{},"f":{},"b":{},"meta":{"lastBranch":0,"lastFunction":0,"lastStatement":0,"seen":{}}}
,"/Users/ocastiblanco/andarios/parking/andarrios-parking/src/domain/entities/MonthlyPayment.ts": {"path":"/Users/ocastiblanco/andarios/parking/andarrios-parking/src/domain/entities/MonthlyPayment.ts","statementMap":{},"fnMap":{},"branchMap":{},"s":{},"f":{},"b":{},"meta":{"lastBranch":0,"lastFunction":0,"lastStatement":0,"seen":{}}}
,"/Users/ocastiblanco/andarios/parking/andarrios-parking/src/domain/entities/PricingConfig.ts": {"path":"/Users/ocastiblanco/andarios/parking/andarrios-parking/src/domain/entities/PricingConfig.ts","statementMap":{"0":{"start":{"line":13,"column":73},"end":{"line":21,"column":null}}},"fnMap":{},"branchMap":{},"s":{"0":2},"f":{},"b":{},"meta":{"lastBranch":0,"lastFunction":0,"lastStatement":1,"seen":{"s:13:73:21:Infinity":0}}}
,"/Users/ocastiblanco/andarios/parking/andarrios-parking/src/domain/entities/Resident.ts": {"path":"/Users/ocastiblanco/andarios/parking/andarrios-parking/src/domain/entities/Resident.ts","statementMap":{},"fnMap":{},"branchMap":{},"s":{},"f":{},"b":{},"meta":{"lastBranch":0,"lastFunction":0,"lastStatement":0,"seen":{}}}
,"/Users/ocastiblanco/andarios/parking/andarrios-parking/src/domain/entities/Visitor.ts": {"path":"/Users/ocastiblanco/andarios/parking/andarrios-parking/src/domain/entities/Visitor.ts","statementMap":{},"fnMap":{},"branchMap":{},"s":{},"f":{},"b":{},"meta":{"lastBranch":0,"lastFunction":0,"lastStatement":0,"seen":{}}}
,"/Users/ocastiblanco/andarios/parking/andarrios-parking/src/domain/repositories/IActivityLogRepository.ts": {"path":"/Users/ocastiblanco/andarios/parking/andarrios-parking/src/domain/repositories/IActivityLogRepository.ts","statementMap":{},"fnMap":{},"branchMap":{},"s":{},"f":{},"b":{},"meta":{"lastBranch":0,"lastFunction":0,"lastStatement":0,"seen":{}}}
,"/Users/ocastiblanco/andarios/parking/andarrios-parking/src/domain/repositories/IDailyCloseRepository.ts": {"path":"/Users/ocastiblanco/andarios/parking/andarrios-parking/src/domain/repositories/IDailyCloseRepository.ts","statementMap":{},"fnMap":{},"branchMap":{},"s":{},"f":{},"b":{},"meta":{"lastBranch":0,"lastFunction":0,"lastStatement":0,"seen":{}}}
,"/Users/ocastiblanco/andarios/parking/andarrios-parking/src/domain/repositories/IMonthlyFeeRepository.ts": {"path":"/Users/ocastiblanco/andarios/parking/andarrios-parking/src/domain/repositories/IMonthlyFeeRepository.ts","statementMap":{},"fnMap":{},"branchMap":{},"s":{},"f":{},"b":{},"meta":{"lastBranch":0,"lastFunction":0,"lastStatement":0,"seen":{}}}
,"/Users/ocastiblanco/andarios/parking/andarrios-parking/src/domain/repositories/IMonthlyPaymentRepository.ts": {"path":"/Users/ocastiblanco/andarios/parking/andarrios-parking/src/domain/repositories/IMonthlyPaymentRepository.ts","statementMap":{},"fnMap":{},"branchMap":{},"s":{},"f":{},"b":{},"meta":{"lastBranch":0,"lastFunction":0,"lastStatement":0,"seen":{}}}
,"/Users/ocastiblanco/andarios/parking/andarrios-parking/src/domain/repositories/IPricingRepository.ts": {"path":"/Users/ocastiblanco/andarios/parking/andarrios-parking/src/domain/repositories/IPricingRepository.ts","statementMap":{},"fnMap":{},"branchMap":{},"s":{},"f":{},"b":{},"meta":{"lastBranch":0,"lastFunction":0,"lastStatement":0,"seen":{}}}
,"/Users/ocastiblanco/andarios/parking/andarrios-parking/src/domain/repositories/IResidentRepository.ts": {"path":"/Users/ocastiblanco/andarios/parking/andarrios-parking/src/domain/repositories/IResidentRepository.ts","statementMap":{},"fnMap":{},"branchMap":{},"s":{},"f":{},"b":{},"meta":{"lastBranch":0,"lastFunction":0,"lastStatement":0,"seen":{}}}
,"/Users/ocastiblanco/andarios/parking/andarrios-parking/src/domain/repositories/IVisitorRepository.ts": {"path":"/Users/ocastiblanco/andarios/parking/andarrios-parking/src/domain/repositories/IVisitorRepository.ts","statementMap":{},"fnMap":{},"branchMap":{},"s":{},"f":{},"b":{},"meta":{"lastBranch":0,"lastFunction":0,"lastStatement":0,"seen":{}}}
,"/Users/ocastiblanco/andarios/parking/andarrios-parking/src/domain/services/CobroService.ts": {"path":"/Users/ocastiblanco/andarios/parking/andarrios-parking/src/domain/services/CobroService.ts","statementMap":{"0":{"start":{"line":29,"column":85},"end":{"line":29,"column":null}},"1":{"start":{"line":31,"column":20},"end":{"line":31,"column":null}},"2":{"start":{"line":32,"column":23},"end":{"line":32,"column":64}},"3":{"start":{"line":33,"column":15},"end":{"line":33,"column":null}},"4":{"start":{"line":35,"column":14},"end":{"line":35,"column":77}},"5":{"start":{"line":36,"column":16},"end":{"line":36,"column":null}},"6":{"start":{"line":38,"column":2},"end":{"line":38,"column":null}}},"fnMap":{"0":{"name":"calculateCharge","decl":{"start":{"line":28,"column":16},"end":{"line":28,"column":32}},"loc":{"start":{"line":28,"column":68},"end":{"line":38,"column":null}},"line":28}},"branchMap":{"0":{"loc":{"start":{"line":31,"column":20},"end":{"line":31,"column":null}},"type":"cond-expr","locations":[{"start":{"line":31,"column":38},"end":{"line":31,"column":55}},{"start":{"line":31,"column":55},"end":{"line":31,"column":null}}],"line":31},"1":{"loc":{"start":{"line":35,"column":14},"end":{"line":35,"column":77}},"type":"cond-expr","locations":[{"start":{"line":35,"column":27},"end":{"line":35,"column":31}},{"start":{"line":35,"column":31},"end":{"line":35,"column":77}}],"line":35}},"s":{"0":17,"1":17,"2":17,"3":17,"4":17,"5":17,"6":17},"f":{"0":17},"b":{"0":[13,4],"1":[5,12]},"meta":{"lastBranch":2,"lastFunction":1,"lastStatement":7,"seen":{"f:28:16:28:32":0,"s:29:85:29:Infinity":0,"s:31:20:31:Infinity":1,"b:31:38:31:55:31:55:31:Infinity":0,"s:32:23:32:64":2,"s:33:15:33:Infinity":3,"s:35:14:35:77":4,"b:35:27:35:31:35:31:35:77":1,"s:36:16:36:Infinity":5,"s:38:2:38:Infinity":6}}}
,"/Users/ocastiblanco/andarios/parking/andarrios-parking/src/domain/services/CortesiaService.ts": {"path":"/Users/ocastiblanco/andarios/parking/andarrios-parking/src/domain/services/CortesiaService.ts","statementMap":{"0":{"start":{"line":23,"column":2},"end":{"line":23,"column":null}},"1":{"start":{"line":23,"column":32},"end":{"line":23,"column":null}},"2":{"start":{"line":24,"column":2},"end":{"line":24,"column":null}},"3":{"start":{"line":33,"column":2},"end":{"line":33,"column":null}}},"fnMap":{"0":{"name":"evaluateCourtesy","decl":{"start":{"line":19,"column":16},"end":{"line":19,"column":null}},"loc":{"start":{"line":22,"column":11},"end":{"line":24,"column":null}},"line":22},"1":{"name":"calculateSince","decl":{"start":{"line":32,"column":16},"end":{"line":32,"column":31}},"loc":{"start":{"line":32,"column":76},"end":{"line":33,"column":null}},"line":32}},"branchMap":{"0":{"loc":{"start":{"line":23,"column":2},"end":{"line":23,"column":null}},"type":"if","locations":[{"start":{"line":23,"column":2},"end":{"line":23,"column":null}},{"start":{},"end":{}}],"line":23},"1":{"loc":{"start":{"line":32,"column":46},"end":{"line":32,"column":68}},"type":"default-arg","locations":[{"start":{"line":32,"column":58},"end":{"line":32,"column":68}}],"line":32}},"s":{"0":13,"1":2,"2":11,"3":2},"f":{"0":13,"1":2},"b":{"0":[2,11],"1":[2]},"meta":{"lastBranch":2,"lastFunction":2,"lastStatement":4,"seen":{"f:19:16:19:Infinity":0,"b:23:2:23:Infinity:undefined:undefined:undefined:undefined":0,"s:23:2:23:Infinity":0,"s:23:32:23:Infinity":1,"s:24:2:24:Infinity":2,"f:32:16:32:31":1,"b:32:58:32:68":1,"s:33:2:33:Infinity":3}}}
,"/Users/ocastiblanco/andarios/parking/andarrios-parking/src/domain/services/FormatterService.ts": {"path":"/Users/ocastiblanco/andarios/parking/andarrios-parking/src/domain/services/FormatterService.ts","statementMap":{"0":{"start":{"line":13,"column":2},"end":{"line":13,"column":null}},"1":{"start":{"line":20,"column":2},"end":{"line":25,"column":null}},"2":{"start":{"line":32,"column":2},"end":{"line":37,"column":null}},"3":{"start":{"line":44,"column":2},"end":{"line":49,"column":null}},"4":{"start":{"line":57,"column":14},"end":{"line":57,"column":32}},"5":{"start":{"line":60,"column":2},"end":{"line":60,"column":null}},"6":{"start":{"line":68,"column":14},"end":{"line":68,"column":32}},"7":{"start":{"line":69,"column":19},"end":{"line":69,"column":null}},"8":{"start":{"line":70,"column":2},"end":{"line":70,"column":null}}},"fnMap":{"0":{"name":"formatCOP","decl":{"start":{"line":12,"column":16},"end":{"line":12,"column":26}},"loc":{"start":{"line":12,"column":45},"end":{"line":13,"column":null}},"line":12},"1":{"name":"formatTime","decl":{"start":{"line":19,"column":16},"end":{"line":19,"column":27}},"loc":{"start":{"line":19,"column":64},"end":{"line":25,"column":null}},"line":19},"2":{"name":"formatDate","decl":{"start":{"line":31,"column":16},"end":{"line":31,"column":27}},"loc":{"start":{"line":31,"column":64},"end":{"line":37,"column":null}},"line":31},"3":{"name":"colombiaDateStr","decl":{"start":{"line":43,"column":16},"end":{"line":43,"column":32}},"loc":{"start":{"line":43,"column":67},"end":{"line":49,"column":null}},"line":43},"4":{"name":"colombiaStartOfDay","decl":{"start":{"line":56,"column":16},"end":{"line":56,"column":35}},"loc":{"start":{"line":56,"column":68},"end":{"line":60,"column":null}},"line":56},"5":{"name":"colombiaStartOfMonth","decl":{"start":{"line":67,"column":16},"end":{"line":67,"column":37}},"loc":{"start":{"line":67,"column":70},"end":{"line":70,"column":null}},"line":67}},"branchMap":{},"s":{"0":4,"1":2,"2":1,"3":6,"4":1,"5":1,"6":1,"7":1,"8":1},"f":{"0":4,"1":2,"2":1,"3":6,"4":1,"5":1},"b":{},"meta":{"lastBranch":0,"lastFunction":6,"lastStatement":9,"seen":{"f:12:16:12:26":0,"s:13:2:13:Infinity":0,"f:19:16:19:27":1,"s:20:2:25:Infinity":1,"f:31:16:31:27":2,"s:32:2:37:Infinity":2,"f:43:16:43:32":3,"s:44:2:49:Infinity":3,"f:56:16:56:35":4,"s:57:14:57:32":4,"s:60:2:60:Infinity":5,"f:67:16:67:37":5,"s:68:14:68:32":6,"s:69:19:69:Infinity":7,"s:70:2:70:Infinity":8}}}
,"/Users/ocastiblanco/andarios/parking/andarrios-parking/src/domain/services/MensualidadService.ts": {"path":"/Users/ocastiblanco/andarios/parking/andarrios-parking/src/domain/services/MensualidadService.ts","statementMap":{"0":{"start":{"line":18,"column":2},"end":{"line":18,"column":null}},"1":{"start":{"line":25,"column":20},"end":{"line":30,"column":4}},"2":{"start":{"line":31,"column":2},"end":{"line":31,"column":null}},"3":{"start":{"line":38,"column":2},"end":{"line":38,"column":null}}},"fnMap":{"0":{"name":"calculateMonthlyAmount","decl":{"start":{"line":17,"column":16},"end":{"line":17,"column":39}},"loc":{"start":{"line":17,"column":100},"end":{"line":18,"column":null}},"line":17},"1":{"name":"generateMonthKey","decl":{"start":{"line":24,"column":16},"end":{"line":24,"column":33}},"loc":{"start":{"line":24,"column":67},"end":{"line":31,"column":null}},"line":24},"2":{"name":"isSameMonth","decl":{"start":{"line":37,"column":16},"end":{"line":37,"column":28}},"loc":{"start":{"line":37,"column":59},"end":{"line":38,"column":null}},"line":37}},"branchMap":{"0":{"loc":{"start":{"line":18,"column":9},"end":{"line":18,"column":null}},"type":"cond-expr","locations":[{"start":{"line":18,"column":33},"end":{"line":18,"column":57}},{"start":{"line":18,"column":57},"end":{"line":18,"column":null}}],"line":18},"1":{"loc":{"start":{"line":24,"column":33},"end":{"line":24,"column":57}},"type":"default-arg","locations":[{"start":{"line":24,"column":47},"end":{"line":24,"column":57}}],"line":24}},"s":{"0":4,"1":3,"2":3,"3":3},"f":{"0":4,"1":3,"2":3},"b":{"0":[2,2],"1":[3]},"meta":{"lastBranch":2,"lastFunction":3,"lastStatement":4,"seen":{"f:17:16:17:39":0,"s:18:2:18:Infinity":0,"b:18:33:18:57:18:57:18:Infinity":0,"f:24:16:24:33":1,"b:24:47:24:57":1,"s:25:20:30:4":1,"s:31:2:31:Infinity":2,"f:37:16:37:28":2,"s:38:2:38:Infinity":3}}}
,"/Users/ocastiblanco/andarios/parking/andarrios-parking/src/domain/use-cases/caja/PerformDailyClose.ts": {"path":"/Users/ocastiblanco/andarios/parking/andarrios-parking/src/domain/use-cases/caja/PerformDailyClose.ts","statementMap":{"0":{"start":{"line":27,"column":16},"end":{"line":27,"column":null}},"1":{"start":{"line":28,"column":16},"end":{"line":28,"column":26}},"2":{"start":{"line":30,"column":33},"end":{"line":40,"column":null}},"3":{"start":{"line":42,"column":2},"end":{"line":42,"column":null}},"4":{"start":{"line":44,"column":2},"end":{"line":49,"column":null}},"5":{"start":{"line":51,"column":2},"end":{"line":51,"column":null}}},"fnMap":{"0":{"name":"performDailyClose","decl":{"start":{"line":23,"column":22},"end":{"line":23,"column":null}},"loc":{"start":{"line":26,"column":23},"end":{"line":51,"column":null}},"line":26}},"branchMap":{},"s":{"0":4,"1":4,"2":4,"3":4,"4":4,"5":4},"f":{"0":4},"b":{},"meta":{"lastBranch":0,"lastFunction":1,"lastStatement":6,"seen":{"f:23:22:23:Infinity":0,"s:27:16:27:Infinity":0,"s:28:16:28:26":1,"s:30:33:40:Infinity":2,"s:42:2:42:Infinity":3,"s:44:2:49:Infinity":4,"s:51:2:51:Infinity":5}}}
,"/Users/ocastiblanco/andarios/parking/andarrios-parking/src/domain/use-cases/mensualidades/MarkAsPaid.ts": {"path":"/Users/ocastiblanco/andarios/parking/andarrios-parking/src/domain/use-cases/mensualidades/MarkAsPaid.ts","statementMap":{"0":{"start":{"line":35,"column":19},"end":{"line":35,"column":69}},"1":{"start":{"line":36,"column":2},"end":{"line":37,"column":null}},"2":{"start":{"line":37,"column":4},"end":{"line":37,"column":null}},"3":{"start":{"line":41,"column":4},"end":{"line":41,"column":null}},"4":{"start":{"line":43,"column":13},"end":{"line":43,"column":23}},"5":{"start":{"line":45,"column":29},"end":{"line":47,"column":null}},"6":{"start":{"line":50,"column":2},"end":{"line":67,"column":null}},"7":{"start":{"line":51,"column":4},"end":{"line":56,"column":null}},"8":{"start":{"line":58,"column":4},"end":{"line":67,"column":null}},"9":{"start":{"line":70,"column":2},"end":{"line":80,"column":null}},"10":{"start":{"line":82,"column":2},"end":{"line":87,"column":null}}},"fnMap":{"0":{"name":"markAsPaid","decl":{"start":{"line":31,"column":22},"end":{"line":31,"column":null}},"loc":{"start":{"line":34,"column":17},"end":{"line":87,"column":null}},"line":34}},"branchMap":{"0":{"loc":{"start":{"line":36,"column":2},"end":{"line":37,"column":null}},"type":"if","locations":[{"start":{"line":36,"column":2},"end":{"line":37,"column":null}},{"start":{},"end":{}}],"line":36},"1":{"loc":{"start":{"line":41,"column":4},"end":{"line":41,"column":null}},"type":"cond-expr","locations":[{"start":{"line":41,"column":37},"end":{"line":41,"column":61}},{"start":{"line":41,"column":61},"end":{"line":41,"column":null}}],"line":41},"2":{"loc":{"start":{"line":50,"column":2},"end":{"line":67,"column":null}},"type":"if","locations":[{"start":{"line":50,"column":2},"end":{"line":67,"column":null}},{"start":{"line":57,"column":9},"end":{"line":67,"column":null}}],"line":50}},"s":{"0":7,"1":7,"2":1,"3":6,"4":7,"5":7,"6":6,"7":3,"8":3,"9":6,"10":6},"f":{"0":7},"b":{"0":[1,6],"1":[5,1],"2":[3,3]},"meta":{"lastBranch":3,"lastFunction":1,"lastStatement":11,"seen":{"f:31:22:31:Infinity":0,"s:35:19:35:69":0,"b:36:2:37:Infinity:undefined:undefined:undefined:undefined":0,"s:36:2:37:Infinity":1,"s:37:4:37:Infinity":2,"s:41:4:41:Infinity":3,"b:41:37:41:61:41:61:41:Infinity":1,"s:43:13:43:23":4,"s:45:29:47:Infinity":5,"b:50:2:67:Infinity:57:9:67:Infinity":2,"s:50:2:67:Infinity":6,"s:51:4:56:Infinity":7,"s:58:4:67:Infinity":8,"s:70:2:80:Infinity":9,"s:82:2:87:Infinity":10}}}
,"/Users/ocastiblanco/andarios/parking/andarrios-parking/src/domain/use-cases/residentes/RegisterResident.ts": {"path":"/Users/ocastiblanco/andarios/parking/andarrios-parking/src/domain/use-cases/residentes/RegisterResident.ts","statementMap":{"0":{"start":{"line":34,"column":29},"end":{"line":34,"column":77}},"1":{"start":{"line":35,"column":2},"end":{"line":36,"column":null}},"2":{"start":{"line":36,"column":4},"end":{"line":36,"column":null}},"3":{"start":{"line":39,"column":13},"end":{"line":39,"column":23}},"4":{"start":{"line":40,"column":13},"end":{"line":40,"column":30}},"5":{"start":{"line":42,"column":19},"end":{"line":53,"column":4}},"6":{"start":{"line":55,"column":19},"end":{"line":55,"column":41}},"7":{"start":{"line":56,"column":2},"end":{"line":65,"column":null}},"8":{"start":{"line":67,"column":2},"end":{"line":72,"column":null}},"9":{"start":{"line":74,"column":2},"end":{"line":74,"column":null}}},"fnMap":{"0":{"name":"registerResident","decl":{"start":{"line":30,"column":22},"end":{"line":30,"column":null}},"loc":{"start":{"line":33,"column":21},"end":{"line":74,"column":null}},"line":33}},"branchMap":{"0":{"loc":{"start":{"line":35,"column":2},"end":{"line":36,"column":null}},"type":"if","locations":[{"start":{"line":35,"column":2},"end":{"line":36,"column":null}},{"start":{},"end":{}}],"line":35}},"s":{"0":5,"1":5,"2":1,"3":4,"4":4,"5":4,"6":4,"7":4,"8":4,"9":4},"f":{"0":5},"b":{"0":[1,4]},"meta":{"lastBranch":1,"lastFunction":1,"lastStatement":10,"seen":{"f:30:22:30:Infinity":0,"s:34:29:34:77":0,"b:35:2:36:Infinity:undefined:undefined:undefined:undefined":0,"s:35:2:36:Infinity":1,"s:36:4:36:Infinity":2,"s:39:13:39:23":3,"s:40:13:40:30":4,"s:42:19:53:4":5,"s:55:19:55:41":6,"s:56:2:65:Infinity":7,"s:67:2:72:Infinity":8,"s:74:2:74:Infinity":9}}}
,"/Users/ocastiblanco/andarios/parking/andarrios-parking/src/domain/use-cases/residentes/RemoveResident.ts": {"path":"/Users/ocastiblanco/andarios/parking/andarrios-parking/src/domain/use-cases/residentes/RemoveResident.ts","statementMap":{"0":{"start":{"line":18,"column":19},"end":{"line":18,"column":55}},"1":{"start":{"line":19,"column":2},"end":{"line":20,"column":null}},"2":{"start":{"line":20,"column":4},"end":{"line":20,"column":null}},"3":{"start":{"line":23,"column":16},"end":{"line":23,"column":26}},"4":{"start":{"line":24,"column":2},"end":{"line":24,"column":null}},"5":{"start":{"line":26,"column":2},"end":{"line":31,"column":null}}},"fnMap":{"0":{"name":"removeResident","decl":{"start":{"line":14,"column":22},"end":{"line":14,"column":null}},"loc":{"start":{"line":17,"column":17},"end":{"line":31,"column":null}},"line":17}},"branchMap":{"0":{"loc":{"start":{"line":19,"column":2},"end":{"line":20,"column":null}},"type":"if","locations":[{"start":{"line":19,"column":2},"end":{"line":20,"column":null}},{"start":{},"end":{}}],"line":19}},"s":{"0":3,"1":3,"2":1,"3":2,"4":2,"5":2},"f":{"0":3},"b":{"0":[1,2]},"meta":{"lastBranch":1,"lastFunction":1,"lastStatement":6,"seen":{"f:14:22:14:Infinity":0,"s:18:19:18:55":0,"b:19:2:20:Infinity:undefined:undefined:undefined:undefined":0,"s:19:2:20:Infinity":1,"s:20:4:20:Infinity":2,"s:23:16:23:26":3,"s:24:2:24:Infinity":4,"s:26:2:31:Infinity":5}}}
,"/Users/ocastiblanco/andarios/parking/andarrios-parking/src/domain/use-cases/tarifas/UpdatePricing.ts": {"path":"/Users/ocastiblanco/andarios/parking/andarrios-parking/src/domain/use-cases/tarifas/UpdatePricing.ts","statementMap":{"0":{"start":{"line":18,"column":20},"end":{"line":18,"column":30}},"1":{"start":{"line":20,"column":40},"end":{"line":24,"column":null}},"2":{"start":{"line":26,"column":2},"end":{"line":26,"column":null}},"3":{"start":{"line":28,"column":2},"end":{"line":33,"column":null}},"4":{"start":{"line":35,"column":2},"end":{"line":35,"column":null}}},"fnMap":{"0":{"name":"updatePricing","decl":{"start":{"line":13,"column":22},"end":{"line":13,"column":null}},"loc":{"start":{"line":17,"column":26},"end":{"line":35,"column":null}},"line":17}},"branchMap":{},"s":{"0":5,"1":5,"2":5,"3":5,"4":5},"f":{"0":5},"b":{},"meta":{"lastBranch":0,"lastFunction":1,"lastStatement":5,"seen":{"f:13:22:13:Infinity":0,"s:18:20:18:30":0,"s:20:40:24:Infinity":1,"s:26:2:26:Infinity":2,"s:28:2:33:Infinity":3,"s:35:2:35:Infinity":4}}}
,"/Users/ocastiblanco/andarios/parking/andarrios-parking/src/domain/use-cases/visitantes/CheckInVisitor.ts": {"path":"/Users/ocastiblanco/andarios/parking/andarrios-parking/src/domain/use-cases/visitantes/CheckInVisitor.ts","statementMap":{"0":{"start":{"line":32,"column":13},"end":{"line":32,"column":23}},"1":{"start":{"line":33,"column":13},"end":{"line":33,"column":30}},"2":{"start":{"line":35,"column":8},"end":{"line":35,"column":90}},"3":{"start":{"line":37,"column":27},"end":{"line":53,"column":null}},"4":{"start":{"line":55,"column":25},"end":{"line":55,"column":63}},"5":{"start":{"line":57,"column":17},"end":{"line":57,"column":null}},"6":{"start":{"line":58,"column":32},"end":{"line":63,"column":null}},"7":{"start":{"line":64,"column":2},"end":{"line":64,"column":null}},"8":{"start":{"line":66,"column":2},"end":{"line":66,"column":null}}},"fnMap":{"0":{"name":"checkInVisitor","decl":{"start":{"line":28,"column":22},"end":{"line":28,"column":null}},"loc":{"start":{"line":31,"column":33},"end":{"line":66,"column":null}},"line":31}},"branchMap":{"0":{"loc":{"start":{"line":57,"column":17},"end":{"line":57,"column":null}},"type":"cond-expr","locations":[{"start":{"line":57,"column":35},"end":{"line":57,"column":40}},{"start":{"line":57,"column":40},"end":{"line":57,"column":null}}],"line":57}},"s":{"0":8,"1":8,"2":8,"3":8,"4":8,"5":8,"6":8,"7":8,"8":8},"f":{"0":8},"b":{"0":[6,2]},"meta":{"lastBranch":1,"lastFunction":1,"lastStatement":9,"seen":{"f:28:22:28:Infinity":0,"s:32:13:32:23":0,"s:33:13:33:30":1,"s:35:8:35:90":2,"s:37:27:53:Infinity":3,"s:55:25:55:63":4,"s:57:17:57:Infinity":5,"b:57:35:57:40:57:40:57:Infinity":0,"s:58:32:63:Infinity":6,"s:64:2:64:Infinity":7,"s:66:2:66:Infinity":8}}}
,"/Users/ocastiblanco/andarios/parking/andarrios-parking/src/domain/use-cases/visitantes/CheckOutVisitor.ts": {"path":"/Users/ocastiblanco/andarios/parking/andarrios-parking/src/domain/use-cases/visitantes/CheckOutVisitor.ts","statementMap":{"0":{"start":{"line":33,"column":12},"end":{"line":33,"column":60}},"1":{"start":{"line":34,"column":2},"end":{"line":34,"column":null}},"2":{"start":{"line":34,"column":10},"end":{"line":34,"column":null}},"3":{"start":{"line":36,"column":13},"end":{"line":36,"column":23}},"4":{"start":{"line":38,"column":16},"end":{"line":40,"column":null}},"5":{"start":{"line":43,"column":8},"end":{"line":49,"column":4}},"6":{"start":{"line":51,"column":36},"end":{"line":58,"column":null}},"7":{"start":{"line":60,"column":2},"end":{"line":60,"column":null}},"8":{"start":{"line":62,"column":17},"end":{"line":62,"column":null}},"9":{"start":{"line":63,"column":32},"end":{"line":68,"column":null}},"10":{"start":{"line":69,"column":2},"end":{"line":69,"column":null}},"11":{"start":{"line":71,"column":2},"end":{"line":79,"column":null}}},"fnMap":{"0":{"name":"checkOutVisitor","decl":{"start":{"line":29,"column":22},"end":{"line":29,"column":null}},"loc":{"start":{"line":32,"column":34},"end":{"line":79,"column":null}},"line":32}},"branchMap":{"0":{"loc":{"start":{"line":34,"column":2},"end":{"line":34,"column":null}},"type":"if","locations":[{"start":{"line":34,"column":2},"end":{"line":34,"column":null}},{"start":{},"end":{}}],"line":34},"1":{"loc":{"start":{"line":62,"column":17},"end":{"line":62,"column":null}},"type":"cond-expr","locations":[{"start":{"line":62,"column":37},"end":{"line":62,"column":42}},{"start":{"line":62,"column":42},"end":{"line":62,"column":null}}],"line":62}},"s":{"0":7,"1":7,"2":1,"3":6,"4":6,"5":6,"6":6,"7":6,"8":6,"9":7,"10":7,"11":6},"f":{"0":7},"b":{"0":[1,6],"1":[4,2]},"meta":{"lastBranch":2,"lastFunction":1,"lastStatement":12,"seen":{"f:29:22:29:Infinity":0,"s:33:12:33:60":0,"b:34:2:34:Infinity:undefined:undefined:undefined:undefined":0,"s:34:2:34:Infinity":1,"s:34:10:34:Infinity":2,"s:36:13:36:23":3,"s:38:16:40:Infinity":4,"s:43:8:49:4":5,"s:51:36:58:Infinity":6,"s:60:2:60:Infinity":7,"s:62:17:62:Infinity":8,"b:62:37:62:42:62:42:62:Infinity":1,"s:63:32:68:Infinity":9,"s:69:2:69:Infinity":10,"s:71:2:79:Infinity":11}}}
,"/Users/ocastiblanco/andarios/parking/andarrios-parking/src/domain/value-objects/ApartmentCode.ts": {"path":"/Users/ocastiblanco/andarios/parking/andarrios-parking/src/domain/value-objects/ApartmentCode.ts","statementMap":{"0":{"start":{"line":6,"column":23},"end":{"line":6,"column":null}},"1":{"start":{"line":12,"column":4},"end":{"line":12,"column":null}},"2":{"start":{"line":20,"column":4},"end":{"line":21,"column":null}},"3":{"start":{"line":21,"column":6},"end":{"line":21,"column":null}},"4":{"start":{"line":23,"column":4},"end":{"line":23,"column":null}},"5":{"start":{"line":31,"column":16},"end":{"line":31,"column":null}},"6":{"start":{"line":32,"column":4},"end":{"line":32,"column":null}},"7":{"start":{"line":37,"column":4},"end":{"line":37,"column":null}},"8":{"start":{"line":42,"column":4},"end":{"line":42,"column":null}},"9":{"start":{"line":47,"column":4},"end":{"line":47,"column":null}},"10":{"start":{"line":51,"column":4},"end":{"line":51,"column":null}},"11":{"start":{"line":55,"column":4},"end":{"line":55,"column":null}}},"fnMap":{"0":{"name":"(anonymous_0)","decl":{"start":{"line":11,"column":2},"end":{"line":11,"column":10}},"loc":{"start":{"line":11,"column":37},"end":{"line":12,"column":null}},"line":11},"1":{"name":"(anonymous_1)","decl":{"start":{"line":19,"column":9},"end":{"line":19,"column":15}},"loc":{"start":{"line":19,"column":43},"end":{"line":23,"column":null}},"line":19},"2":{"name":"(anonymous_2)","decl":{"start":{"line":30,"column":9},"end":{"line":30,"column":19}},"loc":{"start":{"line":30,"column":78},"end":{"line":32,"column":null}},"line":30},"3":{"name":"(anonymous_3)","decl":{"start":{"line":36,"column":6},"end":{"line":36,"column":22}},"loc":{"start":{"line":36,"column":22},"end":{"line":37,"column":null}},"line":36},"4":{"name":"(anonymous_4)","decl":{"start":{"line":41,"column":6},"end":{"line":41,"column":22}},"loc":{"start":{"line":41,"column":22},"end":{"line":42,"column":null}},"line":41},"5":{"name":"(anonymous_5)","decl":{"start":{"line":46,"column":6},"end":{"line":46,"column":21}},"loc":{"start":{"line":46,"column":21},"end":{"line":47,"column":null}},"line":46},"6":{"name":"(anonymous_6)","decl":{"start":{"line":50,"column":2},"end":{"line":50,"column":9}},"loc":{"start":{"line":50,"column":40},"end":{"line":51,"column":null}},"line":50},"7":{"name":"(anonymous_7)","decl":{"start":{"line":54,"column":2},"end":{"line":54,"column":21}},"loc":{"start":{"line":54,"column":21},"end":{"line":55,"column":null}},"line":54}},"branchMap":{"0":{"loc":{"start":{"line":20,"column":4},"end":{"line":21,"column":null}},"type":"if","locations":[{"start":{"line":20,"column":4},"end":{"line":21,"column":null}},{"start":{},"end":{}}],"line":20},"1":{"loc":{"start":{"line":20,"column":8},"end":{"line":20,"column":56}},"type":"binary-expr","locations":[{"start":{"line":20,"column":8},"end":{"line":20,"column":23}},{"start":{"line":20,"column":23},"end":{"line":20,"column":56}}],"line":20}},"s":{"0":3,"1":253,"2":258,"3":5,"4":253,"5":243,"6":243,"7":1,"8":1,"9":1,"10":2,"11":241},"f":{"0":253,"1":3,"2":3,"3":1,"4":1,"5":1,"6":2,"7":241},"b":{"0":[5,253],"1":[258,257]},"meta":{"lastBranch":2,"lastFunction":8,"lastStatement":12,"seen":{"s:6:23:6:Infinity":0,"f:11:2:11:10":0,"s:12:4:12:Infinity":1,"f:19:9:19:15":1,"b:20:4:21:Infinity:undefined:undefined:undefined:undefined":0,"s:20:4:21:Infinity":2,"b:20:8:20:23:20:23:20:56":1,"s:21:6:21:Infinity":3,"s:23:4:23:Infinity":4,"f:30:9:30:19":2,"s:31:16:31:Infinity":5,"s:32:4:32:Infinity":6,"f:36:6:36:22":3,"s:37:4:37:Infinity":7,"f:41:6:41:22":4,"s:42:4:42:Infinity":8,"f:46:6:46:21":5,"s:47:4:47:Infinity":9,"f:50:2:50:9":6,"s:51:4:51:Infinity":10,"f:54:2:54:21":7,"s:55:4:55:Infinity":11}}}
,"/Users/ocastiblanco/andarios/parking/andarrios-parking/src/domain/value-objects/LicensePlate.ts": {"path":"/Users/ocastiblanco/andarios/parking/andarrios-parking/src/domain/value-objects/LicensePlate.ts","statementMap":{"0":{"start":{"line":10,"column":4},"end":{"line":10,"column":null}},"1":{"start":{"line":18,"column":4},"end":{"line":19,"column":null}},"2":{"start":{"line":19,"column":6},"end":{"line":19,"column":null}},"3":{"start":{"line":21,"column":23},"end":{"line":21,"column":67}},"4":{"start":{"line":22,"column":4},"end":{"line":23,"column":null}},"5":{"start":{"line":23,"column":6},"end":{"line":23,"column":null}},"6":{"start":{"line":25,"column":4},"end":{"line":25,"column":null}},"7":{"start":{"line":29,"column":4},"end":{"line":29,"column":null}},"8":{"start":{"line":33,"column":4},"end":{"line":33,"column":null}}},"fnMap":{"0":{"name":"(anonymous_0)","decl":{"start":{"line":9,"column":2},"end":{"line":9,"column":10}},"loc":{"start":{"line":9,"column":37},"end":{"line":10,"column":null}},"line":9},"1":{"name":"(anonymous_1)","decl":{"start":{"line":17,"column":9},"end":{"line":17,"column":15}},"loc":{"start":{"line":17,"column":42},"end":{"line":25,"column":null}},"line":17},"2":{"name":"(anonymous_2)","decl":{"start":{"line":28,"column":2},"end":{"line":28,"column":9}},"loc":{"start":{"line":28,"column":39},"end":{"line":29,"column":null}},"line":28},"3":{"name":"(anonymous_3)","decl":{"start":{"line":32,"column":2},"end":{"line":32,"column":21}},"loc":{"start":{"line":32,"column":21},"end":{"line":33,"column":null}},"line":32}},"branchMap":{"0":{"loc":{"start":{"line":18,"column":4},"end":{"line":19,"column":null}},"type":"if","locations":[{"start":{"line":18,"column":4},"end":{"line":19,"column":null}},{"start":{},"end":{}}],"line":18},"1":{"loc":{"start":{"line":22,"column":4},"end":{"line":23,"column":null}},"type":"if","locations":[{"start":{"line":22,"column":4},"end":{"line":23,"column":null}},{"start":{},"end":{}}],"line":22}},"s":{"0":8,"1":12,"2":2,"3":10,"4":10,"5":2,"6":8,"7":2,"8":1},"f":{"0":8,"1":1,"2":2,"3":1},"b":{"0":[2,10],"1":[2,8]},"meta":{"lastBranch":2,"lastFunction":4,"lastStatement":9,"seen":{"f:9:2:9:10":0,"s:10:4:10:Infinity":0,"f:17:9:17:15":1,"b:18:4:19:Infinity:undefined:undefined:undefined:undefined":0,"s:18:4:19:Infinity":1,"s:19:6:19:Infinity":2,"s:21:23:21:67":3,"b:22:4:23:Infinity:undefined:undefined:undefined:undefined":1,"s:22:4:23:Infinity":4,"s:23:6:23:Infinity":5,"s:25:4:25:Infinity":6,"f:28:2:28:9":2,"s:29:4:29:Infinity":7,"f:32:2:32:21":3,"s:33:4:33:Infinity":8}}}
,"/Users/ocastiblanco/andarios/parking/andarrios-parking/src/domain/value-objects/Money.ts": {"path":"/Users/ocastiblanco/andarios/parking/andarrios-parking/src/domain/value-objects/Money.ts","statementMap":{"0":{"start":{"line":10,"column":4},"end":{"line":10,"column":null}},"1":{"start":{"line":18,"column":4},"end":{"line":19,"column":null}},"2":{"start":{"line":19,"column":6},"end":{"line":19,"column":null}},"3":{"start":{"line":21,"column":4},"end":{"line":22,"column":null}},"4":{"start":{"line":22,"column":6},"end":{"line":22,"column":null}},"5":{"start":{"line":24,"column":4},"end":{"line":24,"column":null}},"6":{"start":{"line":29,"column":4},"end":{"line":29,"column":null}},"7":{"start":{"line":34,"column":4},"end":{"line":34,"column":null}},"8":{"start":{"line":39,"column":4},"end":{"line":39,"column":null}},"9":{"start":{"line":47,"column":4},"end":{"line":48,"column":null}},"10":{"start":{"line":48,"column":6},"end":{"line":48,"column":null}},"11":{"start":{"line":50,"column":4},"end":{"line":50,"column":null}},"12":{"start":{"line":58,"column":19},"end":{"line":58,"column":null}},"13":{"start":{"line":59,"column":4},"end":{"line":62,"column":null}},"14":{"start":{"line":60,"column":6},"end":{"line":62,"column":null}},"15":{"start":{"line":64,"column":4},"end":{"line":64,"column":null}},"16":{"start":{"line":71,"column":4},"end":{"line":76,"column":null}},"17":{"start":{"line":80,"column":4},"end":{"line":80,"column":null}},"18":{"start":{"line":84,"column":4},"end":{"line":84,"column":null}}},"fnMap":{"0":{"name":"(anonymous_0)","decl":{"start":{"line":9,"column":2},"end":{"line":9,"column":10}},"loc":{"start":{"line":9,"column":38},"end":{"line":10,"column":null}},"line":9},"1":{"name":"(anonymous_1)","decl":{"start":{"line":17,"column":9},"end":{"line":17,"column":12}},"loc":{"start":{"line":17,"column":35},"end":{"line":24,"column":null}},"line":17},"2":{"name":"(anonymous_2)","decl":{"start":{"line":28,"column":9},"end":{"line":28,"column":23}},"loc":{"start":{"line":28,"column":23},"end":{"line":29,"column":null}},"line":28},"3":{"name":"(anonymous_3)","decl":{"start":{"line":33,"column":6},"end":{"line":33,"column":23}},"loc":{"start":{"line":33,"column":23},"end":{"line":34,"column":null}},"line":33},"4":{"name":"(anonymous_4)","decl":{"start":{"line":38,"column":2},"end":{"line":38,"column":6}},"loc":{"start":{"line":38,"column":27},"end":{"line":39,"column":null}},"line":38},"5":{"name":"(anonymous_5)","decl":{"start":{"line":46,"column":2},"end":{"line":46,"column":11}},"loc":{"start":{"line":46,"column":34},"end":{"line":50,"column":null}},"line":46},"6":{"name":"(anonymous_6)","decl":{"start":{"line":57,"column":2},"end":{"line":57,"column":11}},"loc":{"start":{"line":57,"column":32},"end":{"line":64,"column":null}},"line":57},"7":{"name":"(anonymous_7)","decl":{"start":{"line":70,"column":2},"end":{"line":70,"column":19}},"loc":{"start":{"line":70,"column":19},"end":{"line":76,"column":null}},"line":70},"8":{"name":"(anonymous_8)","decl":{"start":{"line":79,"column":2},"end":{"line":79,"column":9}},"loc":{"start":{"line":79,"column":32},"end":{"line":80,"column":null}},"line":79},"9":{"name":"(anonymous_9)","decl":{"start":{"line":83,"column":2},"end":{"line":83,"column":20}},"loc":{"start":{"line":83,"column":20},"end":{"line":84,"column":null}},"line":83}},"branchMap":{"0":{"loc":{"start":{"line":18,"column":4},"end":{"line":19,"column":null}},"type":"if","locations":[{"start":{"line":18,"column":4},"end":{"line":19,"column":null}},{"start":{},"end":{}}],"line":18},"1":{"loc":{"start":{"line":21,"column":4},"end":{"line":22,"column":null}},"type":"if","locations":[{"start":{"line":21,"column":4},"end":{"line":22,"column":null}},{"start":{},"end":{}}],"line":21},"2":{"loc":{"start":{"line":47,"column":4},"end":{"line":48,"column":null}},"type":"if","locations":[{"start":{"line":47,"column":4},"end":{"line":48,"column":null}},{"start":{},"end":{}}],"line":47},"3":{"loc":{"start":{"line":59,"column":4},"end":{"line":62,"column":null}},"type":"if","locations":[{"start":{"line":59,"column":4},"end":{"line":62,"column":null}},{"start":{},"end":{}}],"line":59}},"s":{"0":34,"1":26,"2":1,"3":25,"4":1,"5":24,"6":3,"7":11,"8":2,"9":4,"10":1,"11":3,"12":3,"13":3,"14":1,"15":2,"16":2,"17":2,"18":3},"f":{"0":34,"1":1,"2":1,"3":11,"4":2,"5":4,"6":3,"7":2,"8":2,"9":3},"b":{"0":[1,25],"1":[1,24],"2":[1,3],"3":[1,2]},"meta":{"lastBranch":4,"lastFunction":10,"lastStatement":19,"seen":{"f:9:2:9:10":0,"s:10:4:10:Infinity":0,"f:17:9:17:12":1,"b:18:4:19:Infinity:undefined:undefined:undefined:undefined":0,"s:18:4:19:Infinity":1,"s:19:6:19:Infinity":2,"b:21:4:22:Infinity:undefined:undefined:undefined:undefined":1,"s:21:4:22:Infinity":3,"s:22:6:22:Infinity":4,"s:24:4:24:Infinity":5,"f:28:9:28:23":2,"s:29:4:29:Infinity":6,"f:33:6:33:23":3,"s:34:4:34:Infinity":7,"f:38:2:38:6":4,"s:39:4:39:Infinity":8,"f:46:2:46:11":5,"b:47:4:48:Infinity:undefined:undefined:undefined:undefined":2,"s:47:4:48:Infinity":9,"s:48:6:48:Infinity":10,"s:50:4:50:Infinity":11,"f:57:2:57:11":6,"s:58:19:58:Infinity":12,"b:59:4:62:Infinity:undefined:undefined:undefined:undefined":3,"s:59:4:62:Infinity":13,"s:60:6:62:Infinity":14,"s:64:4:64:Infinity":15,"f:70:2:70:19":7,"s:71:4:76:Infinity":16,"f:79:2:79:9":8,"s:80:4:80:Infinity":17,"f:83:2:83:20":9,"s:84:4:84:Infinity":18}}}
,"/Users/ocastiblanco/andarios/parking/andarrios-parking/src/domain/value-objects/MonthKey.ts": {"path":"/Users/ocastiblanco/andarios/parking/andarrios-parking/src/domain/value-objects/MonthKey.ts","statementMap":{"0":{"start":{"line":6,"column":22},"end":{"line":6,"column":null}},"1":{"start":{"line":7,"column":18},"end":{"line":7,"column":null}},"2":{"start":{"line":11,"column":14},"end":{"line":15,"column":4}},"3":{"start":{"line":17,"column":2},"end":{"line":17,"column":null}},"4":{"start":{"line":24,"column":4},"end":{"line":24,"column":null}},"5":{"start":{"line":31,"column":4},"end":{"line":31,"column":null}},"6":{"start":{"line":38,"column":4},"end":{"line":38,"column":null}},"7":{"start":{"line":46,"column":4},"end":{"line":47,"column":null}},"8":{"start":{"line":47,"column":6},"end":{"line":47,"column":null}},"9":{"start":{"line":49,"column":4},"end":{"line":49,"column":null}},"10":{"start":{"line":57,"column":26},"end":{"line":57,"column":59}},"11":{"start":{"line":58,"column":14},"end":{"line":58,"column":56}},"12":{"start":{"line":59,"column":4},"end":{"line":63,"column":null}},"13":{"start":{"line":67,"column":4},"end":{"line":67,"column":null}},"14":{"start":{"line":71,"column":4},"end":{"line":71,"column":null}}},"fnMap":{"0":{"name":"toYearMonth","decl":{"start":{"line":10,"column":9},"end":{"line":10,"column":21}},"loc":{"start":{"line":10,"column":38},"end":{"line":17,"column":null}},"line":10},"1":{"name":"(anonymous_1)","decl":{"start":{"line":23,"column":2},"end":{"line":23,"column":10}},"loc":{"start":{"line":23,"column":37},"end":{"line":24,"column":null}},"line":23},"2":{"name":"(anonymous_2)","decl":{"start":{"line":30,"column":9},"end":{"line":30,"column":29}},"loc":{"start":{"line":30,"column":29},"end":{"line":31,"column":null}},"line":30},"3":{"name":"(anonymous_3)","decl":{"start":{"line":37,"column":9},"end":{"line":37,"column":18}},"loc":{"start":{"line":37,"column":37},"end":{"line":38,"column":null}},"line":37},"4":{"name":"(anonymous_4)","decl":{"start":{"line":45,"column":9},"end":{"line":45,"column":15}},"loc":{"start":{"line":45,"column":36},"end":{"line":49,"column":null}},"line":45},"5":{"name":"(anonymous_5)","decl":{"start":{"line":55,"column":2},"end":{"line":55,"column":18}},"loc":{"start":{"line":55,"column":18},"end":{"line":63,"column":null}},"line":55},"6":{"name":"(anonymous_6)","decl":{"start":{"line":66,"column":2},"end":{"line":66,"column":9}},"loc":{"start":{"line":66,"column":35},"end":{"line":67,"column":null}},"line":66},"7":{"name":"(anonymous_7)","decl":{"start":{"line":70,"column":2},"end":{"line":70,"column":21}},"loc":{"start":{"line":70,"column":21},"end":{"line":71,"column":null}},"line":70}},"branchMap":{"0":{"loc":{"start":{"line":46,"column":4},"end":{"line":47,"column":null}},"type":"if","locations":[{"start":{"line":46,"column":4},"end":{"line":47,"column":null}},{"start":{},"end":{}}],"line":46},"1":{"loc":{"start":{"line":46,"column":8},"end":{"line":46,"column":51}},"type":"binary-expr","locations":[{"start":{"line":46,"column":8},"end":{"line":46,"column":21}},{"start":{"line":46,"column":21},"end":{"line":46,"column":51}}],"line":46}},"s":{"0":1,"1":1,"2":5,"3":5,"4":15,"5":2,"6":3,"7":15,"8":5,"9":10,"10":3,"11":3,"12":3,"13":2,"14":1},"f":{"0":5,"1":15,"2":1,"3":1,"4":1,"5":3,"6":2,"7":1},"b":{"0":[5,10],"1":[15,14]},"meta":{"lastBranch":2,"lastFunction":8,"lastStatement":15,"seen":{"s:6:22:6:Infinity":0,"s:7:18:7:Infinity":1,"f:10:9:10:21":0,"s:11:14:15:4":2,"s:17:2:17:Infinity":3,"f:23:2:23:10":1,"s:24:4:24:Infinity":4,"f:30:9:30:29":2,"s:31:4:31:Infinity":5,"f:37:9:37:18":3,"s:38:4:38:Infinity":6,"f:45:9:45:15":4,"b:46:4:47:Infinity:undefined:undefined:undefined:undefined":0,"s:46:4:47:Infinity":7,"b:46:8:46:21:46:21:46:51":1,"s:47:6:47:Infinity":8,"s:49:4:49:Infinity":9,"f:55:2:55:18":5,"s:57:26:57:59":10,"s:58:14:58:56":11,"s:59:4:63:Infinity":12,"f:66:2:66:9":6,"s:67:4:67:Infinity":13,"f:70:2:70:21":7,"s:71:4:71:Infinity":14}}}
,"/Users/ocastiblanco/andarios/parking/andarrios-parking/src/infrastructure/auth/PinLockGateway.ts": {"path":"/Users/ocastiblanco/andarios/parking/andarrios-parking/src/infrastructure/auth/PinLockGateway.ts","statementMap":{"0":{"start":{"line":5,"column":4},"end":{"line":5,"column":null}},"1":{"start":{"line":5,"column":39},"end":{"line":5,"column":null}},"2":{"start":{"line":6,"column":14},"end":{"line":6,"column":48}},"3":{"start":{"line":7,"column":4},"end":{"line":7,"column":null}},"4":{"start":{"line":7,"column":12},"end":{"line":7,"column":null}},"5":{"start":{"line":8,"column":18},"end":{"line":8,"column":33}},"6":{"start":{"line":9,"column":4},"end":{"line":9,"column":null}},"7":{"start":{"line":13,"column":4},"end":{"line":13,"column":null}},"8":{"start":{"line":13,"column":39},"end":{"line":13,"column":null}},"9":{"start":{"line":14,"column":4},"end":{"line":14,"column":null}},"10":{"start":{"line":15,"column":4},"end":{"line":15,"column":null}},"11":{"start":{"line":19,"column":4},"end":{"line":19,"column":null}},"12":{"start":{"line":19,"column":39},"end":{"line":19,"column":null}},"13":{"start":{"line":20,"column":4},"end":{"line":20,"column":null}},"14":{"start":{"line":21,"column":4},"end":{"line":21,"column":null}},"15":{"start":{"line":25,"column":4},"end":{"line":25,"column":null}},"16":{"start":{"line":25,"column":39},"end":{"line":25,"column":null}},"17":{"start":{"line":26,"column":14},"end":{"line":26,"column":48}},"18":{"start":{"line":27,"column":4},"end":{"line":27,"column":null}},"19":{"start":{"line":27,"column":12},"end":{"line":27,"column":null}},"20":{"start":{"line":28,"column":18},"end":{"line":28,"column":33}},"21":{"start":{"line":29,"column":4},"end":{"line":29,"column":null}}},"fnMap":{"0":{"name":"(anonymous_0)","decl":{"start":{"line":4,"column":2},"end":{"line":4,"column":24}},"loc":{"start":{"line":4,"column":24},"end":{"line":9,"column":null}},"line":4},"1":{"name":"(anonymous_1)","decl":{"start":{"line":12,"column":2},"end":{"line":12,"column":9}},"loc":{"start":{"line":12,"column":55},"end":{"line":15,"column":null}},"line":12},"2":{"name":"(anonymous_2)","decl":{"start":{"line":18,"column":2},"end":{"line":18,"column":15}},"loc":{"start":{"line":18,"column":15},"end":{"line":21,"column":null}},"line":18},"3":{"name":"(anonymous_3)","decl":{"start":{"line":24,"column":2},"end":{"line":24,"column":23}},"loc":{"start":{"line":24,"column":23},"end":{"line":29,"column":null}},"line":24}},"branchMap":{"0":{"loc":{"start":{"line":5,"column":4},"end":{"line":5,"column":null}},"type":"if","locations":[{"start":{"line":5,"column":4},"end":{"line":5,"column":null}},{"start":{},"end":{}}],"line":5},"1":{"loc":{"start":{"line":7,"column":4},"end":{"line":7,"column":null}},"type":"if","locations":[{"start":{"line":7,"column":4},"end":{"line":7,"column":null}},{"start":{},"end":{}}],"line":7},"2":{"loc":{"start":{"line":9,"column":11},"end":{"line":9,"column":null}},"type":"binary-expr","locations":[{"start":{"line":9,"column":11},"end":{"line":9,"column":24}},{"start":{"line":9,"column":28},"end":{"line":9,"column":null}}],"line":9},"3":{"loc":{"start":{"line":12,"column":9},"end":{"line":12,"column":55}},"type":"default-arg","locations":[{"start":{"line":12,"column":30},"end":{"line":12,"column":55}}],"line":12},"4":{"loc":{"start":{"line":13,"column":4},"end":{"line":13,"column":null}},"type":"if","locations":[{"start":{"line":13,"column":4},"end":{"line":13,"column":null}},{"start":{},"end":{}}],"line":13},"5":{"loc":{"start":{"line":19,"column":4},"end":{"line":19,"column":null}},"type":"if","locations":[{"start":{"line":19,"column":4},"end":{"line":19,"column":null}},{"start":{},"end":{}}],"line":19},"6":{"loc":{"start":{"line":25,"column":4},"end":{"line":25,"column":null}},"type":"if","locations":[{"start":{"line":25,"column":4},"end":{"line":25,"column":null}},{"start":{},"end":{}}],"line":25},"7":{"loc":{"start":{"line":27,"column":4},"end":{"line":27,"column":null}},"type":"if","locations":[{"start":{"line":27,"column":4},"end":{"line":27,"column":null}},{"start":{},"end":{}}],"line":27}},"s":{"0":5,"1":1,"2":4,"3":4,"4":4,"5":2,"6":2,"7":4,"8":1,"9":3,"10":3,"11":2,"12":1,"13":1,"14":1,"15":3,"16":1,"17":2,"18":2,"19":2,"20":1,"21":1},"f":{"0":5,"1":4,"2":2,"3":3},"b":{"0":[1,4],"1":[2,2],"2":[2,2],"3":[4],"4":[1,3],"5":[1,1],"6":[1,2],"7":[1,1]},"meta":{"lastBranch":8,"lastFunction":4,"lastStatement":22,"seen":{"f:4:2:4:24":0,"b:5:4:5:Infinity:undefined:undefined:undefined:undefined":0,"s:5:4:5:Infinity":0,"s:5:39:5:Infinity":1,"s:6:14:6:48":2,"b:7:4:7:Infinity:undefined:undefined:undefined:undefined":1,"s:7:4:7:Infinity":3,"s:7:12:7:Infinity":4,"s:8:18:8:33":5,"s:9:4:9:Infinity":6,"b:9:11:9:24:9:28:9:Infinity":2,"f:12:2:12:9":1,"b:12:30:12:55":3,"b:13:4:13:Infinity:undefined:undefined:undefined:undefined":4,"s:13:4:13:Infinity":7,"s:13:39:13:Infinity":8,"s:14:4:14:Infinity":9,"s:15:4:15:Infinity":10,"f:18:2:18:15":2,"b:19:4:19:Infinity:undefined:undefined:undefined:undefined":5,"s:19:4:19:Infinity":11,"s:19:39:19:Infinity":12,"s:20:4:20:Infinity":13,"s:21:4:21:Infinity":14,"f:24:2:24:23":3,"b:25:4:25:Infinity:undefined:undefined:undefined:undefined":6,"s:25:4:25:Infinity":15,"s:25:39:25:Infinity":16,"s:26:14:26:48":17,"b:27:4:27:Infinity:undefined:undefined:undefined:undefined":7,"s:27:4:27:Infinity":18,"s:27:12:27:Infinity":19,"s:28:18:28:33":20,"s:29:4:29:Infinity":21}}}
,"/Users/ocastiblanco/andarios/parking/andarrios-parking/src/infrastructure/db/AndarriosDB.ts": {"path":"/Users/ocastiblanco/andarios/parking/andarrios-parking/src/infrastructure/db/AndarriosDB.ts","statementMap":{"0":{"start":{"line":112,"column":4},"end":{"line":112,"column":null}},"1":{"start":{"line":113,"column":4},"end":{"line":123,"column":null}},"2":{"start":{"line":127,"column":30},"end":{"line":127,"column":null}},"3":{"start":{"line":130,"column":2},"end":{"line":131,"column":null}},"4":{"start":{"line":131,"column":4},"end":{"line":131,"column":null}},"5":{"start":{"line":133,"column":2},"end":{"line":133,"column":null}},"6":{"start":{"line":133,"column":12},"end":{"line":133,"column":null}},"7":{"start":{"line":134,"column":2},"end":{"line":134,"column":null}},"8":{"start":{"line":138,"column":2},"end":{"line":138,"column":null}}},"fnMap":{"0":{"name":"(anonymous_0)","decl":{"start":{"line":111,"column":2},"end":{"line":111,"column":14}},"loc":{"start":{"line":111,"column":37},"end":{"line":123,"column":null}},"line":111},"1":{"name":"getDB","decl":{"start":{"line":129,"column":16},"end":{"line":129,"column":22}},"loc":{"start":{"line":129,"column":50},"end":{"line":134,"column":null}},"line":129},"2":{"name":"resetDB","decl":{"start":{"line":137,"column":16},"end":{"line":137,"column":32}},"loc":{"start":{"line":137,"column":32},"end":{"line":138,"column":null}},"line":137}},"branchMap":{"0":{"loc":{"start":{"line":111,"column":14},"end":{"line":111,"column":37}},"type":"default-arg","locations":[{"start":{"line":111,"column":21},"end":{"line":111,"column":37}}],"line":111},"1":{"loc":{"start":{"line":130,"column":2},"end":{"line":131,"column":null}},"type":"if","locations":[{"start":{"line":130,"column":2},"end":{"line":131,"column":null}},{"start":{},"end":{}}],"line":130},"2":{"loc":{"start":{"line":130,"column":6},"end":{"line":130,"column":46}},"type":"binary-expr","locations":[{"start":{"line":130,"column":6},"end":{"line":130,"column":39}},{"start":{"line":130,"column":39},"end":{"line":130,"column":46}}],"line":130},"3":{"loc":{"start":{"line":133,"column":2},"end":{"line":133,"column":null}},"type":"if","locations":[{"start":{"line":133,"column":2},"end":{"line":133,"column":null}},{"start":{},"end":{}}],"line":133}},"s":{"0":50,"1":50,"2":8,"3":8,"4":1,"5":7,"6":7,"7":7,"8":11},"f":{"0":50,"1":8,"2":11},"b":{"0":[50],"1":[1,7],"2":[8,2],"3":[5,2]},"meta":{"lastBranch":4,"lastFunction":3,"lastStatement":9,"seen":{"f:111:2:111:14":0,"b:111:21:111:37":0,"s:112:4:112:Infinity":0,"s:113:4:123:Infinity":1,"s:127:30:127:Infinity":2,"f:129:16:129:22":1,"b:130:2:131:Infinity:undefined:undefined:undefined:undefined":1,"s:130:2:131:Infinity":3,"b:130:6:130:39:130:39:130:46":2,"s:131:4:131:Infinity":4,"b:133:2:133:Infinity:undefined:undefined:undefined:undefined":3,"s:133:2:133:Infinity":5,"s:133:12:133:Infinity":6,"s:134:2:134:Infinity":7,"f:137:16:137:32":2,"s:138:2:138:Infinity":8}}}
,"/Users/ocastiblanco/andarios/parking/andarrios-parking/src/infrastructure/db/mappers.ts": {"path":"/Users/ocastiblanco/andarios/parking/andarrios-parking/src/infrastructure/db/mappers.ts","statementMap":{"0":{"start":{"line":23,"column":13},"end":{"line":37,"column":null}},"1":{"start":{"line":23,"column":62},"end":{"line":37,"column":null}},"2":{"start":{"line":39,"column":13},"end":{"line":53,"column":null}},"3":{"start":{"line":39,"column":60},"end":{"line":53,"column":null}},"4":{"start":{"line":57,"column":13},"end":{"line":73,"column":null}},"5":{"start":{"line":57,"column":59},"end":{"line":73,"column":null}},"6":{"start":{"line":75,"column":13},"end":{"line":91,"column":null}},"7":{"start":{"line":75,"column":57},"end":{"line":91,"column":null}},"8":{"start":{"line":95,"column":13},"end":{"line":104,"column":null}},"9":{"start":{"line":95,"column":68},"end":{"line":104,"column":null}},"10":{"start":{"line":106,"column":13},"end":{"line":115,"column":null}},"11":{"start":{"line":106,"column":66},"end":{"line":115,"column":null}},"12":{"start":{"line":119,"column":13},"end":{"line":129,"column":null}},"13":{"start":{"line":119,"column":65},"end":{"line":129,"column":null}},"14":{"start":{"line":131,"column":13},"end":{"line":141,"column":null}},"15":{"start":{"line":131,"column":63},"end":{"line":141,"column":null}},"16":{"start":{"line":145,"column":13},"end":{"line":150,"column":null}},"17":{"start":{"line":145,"column":71},"end":{"line":150,"column":null}},"18":{"start":{"line":152,"column":13},"end":{"line":157,"column":null}},"19":{"start":{"line":152,"column":69},"end":{"line":157,"column":null}},"20":{"start":{"line":161,"column":13},"end":{"line":171,"column":null}},"21":{"start":{"line":161,"column":68},"end":{"line":171,"column":null}},"22":{"start":{"line":173,"column":13},"end":{"line":183,"column":null}},"23":{"start":{"line":173,"column":66},"end":{"line":183,"column":null}},"24":{"start":{"line":187,"column":13},"end":{"line":197,"column":null}},"25":{"start":{"line":187,"column":80},"end":{"line":197,"column":null}},"26":{"start":{"line":199,"column":13},"end":{"line":209,"column":null}},"27":{"start":{"line":199,"column":78},"end":{"line":209,"column":null}}},"fnMap":{"0":{"name":"(anonymous_0)","decl":{"start":{"line":23,"column":13},"end":{"line":23,"column":32}},"loc":{"start":{"line":23,"column":62},"end":{"line":37,"column":null}},"line":23},"1":{"name":"(anonymous_1)","decl":{"start":{"line":39,"column":13},"end":{"line":39,"column":30}},"loc":{"start":{"line":39,"column":60},"end":{"line":53,"column":null}},"line":39},"2":{"name":"(anonymous_2)","decl":{"start":{"line":57,"column":13},"end":{"line":57,"column":31}},"loc":{"start":{"line":57,"column":59},"end":{"line":73,"column":null}},"line":57},"3":{"name":"(anonymous_3)","decl":{"start":{"line":75,"column":13},"end":{"line":75,"column":29}},"loc":{"start":{"line":75,"column":57},"end":{"line":91,"column":null}},"line":75},"4":{"name":"(anonymous_4)","decl":{"start":{"line":95,"column":13},"end":{"line":95,"column":34}},"loc":{"start":{"line":95,"column":68},"end":{"line":104,"column":null}},"line":95},"5":{"name":"(anonymous_5)","decl":{"start":{"line":106,"column":13},"end":{"line":106,"column":32}},"loc":{"start":{"line":106,"column":66},"end":{"line":115,"column":null}},"line":106},"6":{"name":"(anonymous_6)","decl":{"start":{"line":119,"column":13},"end":{"line":119,"column":31}},"loc":{"start":{"line":119,"column":65},"end":{"line":129,"column":null}},"line":119},"7":{"name":"(anonymous_7)","decl":{"start":{"line":131,"column":13},"end":{"line":131,"column":29}},"loc":{"start":{"line":131,"column":63},"end":{"line":141,"column":null}},"line":131},"8":{"name":"(anonymous_8)","decl":{"start":{"line":145,"column":13},"end":{"line":145,"column":35}},"loc":{"start":{"line":145,"column":71},"end":{"line":150,"column":null}},"line":145},"9":{"name":"(anonymous_9)","decl":{"start":{"line":152,"column":13},"end":{"line":152,"column":33}},"loc":{"start":{"line":152,"column":69},"end":{"line":157,"column":null}},"line":152},"10":{"name":"(anonymous_10)","decl":{"start":{"line":161,"column":13},"end":{"line":161,"column":34}},"loc":{"start":{"line":161,"column":68},"end":{"line":171,"column":null}},"line":161},"11":{"name":"(anonymous_11)","decl":{"start":{"line":173,"column":13},"end":{"line":173,"column":32}},"loc":{"start":{"line":173,"column":66},"end":{"line":183,"column":null}},"line":173},"12":{"name":"(anonymous_12)","decl":{"start":{"line":187,"column":13},"end":{"line":187,"column":38}},"loc":{"start":{"line":187,"column":80},"end":{"line":197,"column":null}},"line":187},"13":{"name":"(anonymous_13)","decl":{"start":{"line":199,"column":13},"end":{"line":199,"column":36}},"loc":{"start":{"line":199,"column":78},"end":{"line":209,"column":null}},"line":199}},"branchMap":{"0":{"loc":{"start":{"line":30,"column":16},"end":{"line":30,"column":null}},"type":"cond-expr","locations":[{"start":{"line":30,"column":37},"end":{"line":30,"column":45}},{"start":{"line":30,"column":45},"end":{"line":30,"column":null}}],"line":30},"1":{"loc":{"start":{"line":46,"column":8},"end":{"line":46,"column":null}},"type":"cond-expr","locations":[{"start":{"line":46,"column":34},"end":{"line":46,"column":44}},{"start":{"line":46,"column":44},"end":{"line":46,"column":null}}],"line":46},"2":{"loc":{"start":{"line":61,"column":16},"end":{"line":61,"column":null}},"type":"cond-expr","locations":[{"start":{"line":61,"column":37},"end":{"line":61,"column":45}},{"start":{"line":61,"column":45},"end":{"line":61,"column":null}}],"line":61},"3":{"loc":{"start":{"line":79,"column":8},"end":{"line":79,"column":null}},"type":"cond-expr","locations":[{"start":{"line":79,"column":34},"end":{"line":79,"column":44}},{"start":{"line":79,"column":44},"end":{"line":79,"column":null}}],"line":79},"4":{"loc":{"start":{"line":99,"column":11},"end":{"line":99,"column":null}},"type":"cond-expr","locations":[{"start":{"line":99,"column":38},"end":{"line":99,"column":50}},{"start":{"line":99,"column":50},"end":{"line":99,"column":null}}],"line":99},"5":{"loc":{"start":{"line":110,"column":10},"end":{"line":110,"column":null}},"type":"cond-expr","locations":[{"start":{"line":110,"column":35},"end":{"line":110,"column":49}},{"start":{"line":110,"column":49},"end":{"line":110,"column":null}}],"line":110},"6":{"loc":{"start":{"line":193,"column":16},"end":{"line":193,"column":null}},"type":"cond-expr","locations":[{"start":{"line":193,"column":37},"end":{"line":193,"column":45}},{"start":{"line":193,"column":45},"end":{"line":193,"column":null}}],"line":193},"7":{"loc":{"start":{"line":205,"column":8},"end":{"line":205,"column":null}},"type":"cond-expr","locations":[{"start":{"line":205,"column":34},"end":{"line":205,"column":44}},{"start":{"line":205,"column":44},"end":{"line":205,"column":null}}],"line":205}},"s":{"0":8,"1":8,"2":8,"3":11,"4":8,"5":7,"6":8,"7":14,"8":8,"9":6,"10":8,"11":11,"12":8,"13":6,"14":8,"15":6,"16":8,"17":4,"18":8,"19":8,"20":8,"21":10,"22":8,"23":10,"24":8,"25":4,"26":8,"27":8},"f":{"0":8,"1":11,"2":7,"3":14,"4":6,"5":11,"6":6,"7":6,"8":4,"9":8,"10":10,"11":10,"12":4,"13":8},"b":{"0":[7,1],"1":[10,1],"2":[3,4],"3":[12,2],"4":[2,4],"5":[7,4],"6":[3,1],"7":[7,1]},"meta":{"lastBranch":8,"lastFunction":14,"lastStatement":28,"seen":{"s:23:13:37:Infinity":0,"f:23:13:23:32":0,"s:23:62:37:Infinity":1,"b:30:37:30:45:30:45:30:Infinity":0,"s:39:13:53:Infinity":2,"f:39:13:39:30":1,"s:39:60:53:Infinity":3,"b:46:34:46:44:46:44:46:Infinity":1,"s:57:13:73:Infinity":4,"f:57:13:57:31":2,"s:57:59:73:Infinity":5,"b:61:37:61:45:61:45:61:Infinity":2,"s:75:13:91:Infinity":6,"f:75:13:75:29":3,"s:75:57:91:Infinity":7,"b:79:34:79:44:79:44:79:Infinity":3,"s:95:13:104:Infinity":8,"f:95:13:95:34":4,"s:95:68:104:Infinity":9,"b:99:38:99:50:99:50:99:Infinity":4,"s:106:13:115:Infinity":10,"f:106:13:106:32":5,"s:106:66:115:Infinity":11,"b:110:35:110:49:110:49:110:Infinity":5,"s:119:13:129:Infinity":12,"f:119:13:119:31":6,"s:119:65:129:Infinity":13,"s:131:13:141:Infinity":14,"f:131:13:131:29":7,"s:131:63:141:Infinity":15,"s:145:13:150:Infinity":16,"f:145:13:145:35":8,"s:145:71:150:Infinity":17,"s:152:13:157:Infinity":18,"f:152:13:152:33":9,"s:152:69:157:Infinity":19,"s:161:13:171:Infinity":20,"f:161:13:161:34":10,"s:161:68:171:Infinity":21,"s:173:13:183:Infinity":22,"f:173:13:173:32":11,"s:173:66:183:Infinity":23,"s:187:13:197:Infinity":24,"f:187:13:187:38":12,"s:187:80:197:Infinity":25,"b:193:37:193:45:193:45:193:Infinity":6,"s:199:13:209:Infinity":26,"f:199:13:199:36":13,"s:199:78:209:Infinity":27,"b:205:34:205:44:205:44:205:Infinity":7}}}
,"/Users/ocastiblanco/andarios/parking/andarrios-parking/src/infrastructure/db/repositories/DexieActivityLogRepository.ts": {"path":"/Users/ocastiblanco/andarios/parking/andarrios-parking/src/infrastructure/db/repositories/DexieActivityLogRepository.ts","statementMap":{"0":{"start":{"line":7,"column":31},"end":{"line":7,"column":48}},"1":{"start":{"line":10,"column":4},"end":{"line":10,"column":null}}},"fnMap":{"0":{"name":"(anonymous_0)","decl":{"start":{"line":7,"column":2},"end":{"line":7,"column":14}},"loc":{"start":{"line":7,"column":48},"end":{"line":7,"column":48}},"line":7},"1":{"name":"(anonymous_1)","decl":{"start":{"line":9,"column":8},"end":{"line":9,"column":12}},"loc":{"start":{"line":9,"column":43},"end":{"line":10,"column":null}},"line":9}},"branchMap":{},"s":{"0":3,"1":5},"f":{"0":3,"1":5},"b":{},"meta":{"lastBranch":0,"lastFunction":2,"lastStatement":2,"seen":{"f:7:2:7:14":0,"s:7:31:7:48":0,"f:9:8:9:12":1,"s:10:4:10:Infinity":1}}}
,"/Users/ocastiblanco/andarios/parking/andarrios-parking/src/infrastructure/db/repositories/DexieDailyCloseRepository.ts": {"path":"/Users/ocastiblanco/andarios/parking/andarrios-parking/src/infrastructure/db/repositories/DexieDailyCloseRepository.ts","statementMap":{"0":{"start":{"line":7,"column":31},"end":{"line":7,"column":48}},"1":{"start":{"line":10,"column":4},"end":{"line":10,"column":null}},"2":{"start":{"line":14,"column":17},"end":{"line":14,"column":48}},"3":{"start":{"line":15,"column":4},"end":{"line":15,"column":null}}},"fnMap":{"0":{"name":"(anonymous_0)","decl":{"start":{"line":7,"column":2},"end":{"line":7,"column":14}},"loc":{"start":{"line":7,"column":48},"end":{"line":7,"column":48}},"line":7},"1":{"name":"(anonymous_1)","decl":{"start":{"line":9,"column":8},"end":{"line":9,"column":15}},"loc":{"start":{"line":9,"column":49},"end":{"line":10,"column":null}},"line":9},"2":{"name":"(anonymous_2)","decl":{"start":{"line":13,"column":8},"end":{"line":13,"column":38}},"loc":{"start":{"line":13,"column":38},"end":{"line":15,"column":null}},"line":13}},"branchMap":{},"s":{"0":5,"1":7,"2":4,"3":4},"f":{"0":5,"1":7,"2":4},"b":{},"meta":{"lastBranch":0,"lastFunction":3,"lastStatement":4,"seen":{"f:7:2:7:14":0,"s:7:31:7:48":0,"f:9:8:9:15":1,"s:10:4:10:Infinity":1,"f:13:8:13:38":2,"s:14:17:14:48":2,"s:15:4:15:Infinity":3}}}
,"/Users/ocastiblanco/andarios/parking/andarrios-parking/src/infrastructure/db/repositories/DexieMonthlyFeeRepository.ts": {"path":"/Users/ocastiblanco/andarios/parking/andarrios-parking/src/infrastructure/db/repositories/DexieMonthlyFeeRepository.ts","statementMap":{"0":{"start":{"line":7,"column":31},"end":{"line":7,"column":48}},"1":{"start":{"line":10,"column":4},"end":{"line":10,"column":null}},"2":{"start":{"line":11,"column":4},"end":{"line":11,"column":null}},"3":{"start":{"line":18,"column":16},"end":{"line":21,"column":14}},"4":{"start":{"line":22,"column":4},"end":{"line":22,"column":null}},"5":{"start":{"line":26,"column":45},"end":{"line":26,"column":47}},"6":{"start":{"line":27,"column":4},"end":{"line":27,"column":null}},"7":{"start":{"line":27,"column":35},"end":{"line":27,"column":null}},"8":{"start":{"line":28,"column":4},"end":{"line":28,"column":null}},"9":{"start":{"line":28,"column":40},"end":{"line":28,"column":null}},"10":{"start":{"line":29,"column":4},"end":{"line":29,"column":null}},"11":{"start":{"line":29,"column":35},"end":{"line":29,"column":null}},"12":{"start":{"line":30,"column":4},"end":{"line":30,"column":null}},"13":{"start":{"line":31,"column":4},"end":{"line":31,"column":null}},"14":{"start":{"line":35,"column":4},"end":{"line":35,"column":null}}},"fnMap":{"0":{"name":"(anonymous_0)","decl":{"start":{"line":7,"column":2},"end":{"line":7,"column":14}},"loc":{"start":{"line":7,"column":48},"end":{"line":7,"column":48}},"line":7},"1":{"name":"(anonymous_1)","decl":{"start":{"line":9,"column":8},"end":{"line":9,"column":15}},"loc":{"start":{"line":9,"column":51},"end":{"line":11,"column":null}},"line":9},"2":{"name":"(anonymous_2)","decl":{"start":{"line":14,"column":8},"end":{"line":14,"column":null}},"loc":{"start":{"line":17,"column":37},"end":{"line":22,"column":null}},"line":17},"3":{"name":"(anonymous_3)","decl":{"start":{"line":25,"column":8},"end":{"line":25,"column":15}},"loc":{"start":{"line":25,"column":69},"end":{"line":31,"column":null}},"line":25},"4":{"name":"(anonymous_4)","decl":{"start":{"line":34,"column":8},"end":{"line":34,"column":15}},"loc":{"start":{"line":34,"column":45},"end":{"line":35,"column":null}},"line":34}},"branchMap":{"0":{"loc":{"start":{"line":22,"column":11},"end":{"line":22,"column":null}},"type":"cond-expr","locations":[{"start":{"line":22,"column":11},"end":{"line":22,"column":39}},{"start":{"line":22,"column":42},"end":{"line":22,"column":null}}],"line":22},"1":{"loc":{"start":{"line":27,"column":4},"end":{"line":27,"column":null}},"type":"if","locations":[{"start":{"line":27,"column":4},"end":{"line":27,"column":null}},{"start":{},"end":{}}],"line":27},"2":{"loc":{"start":{"line":27,"column":55},"end":{"line":27,"column":null}},"type":"cond-expr","locations":[{"start":{"line":27,"column":83},"end":{"line":27,"column":97}},{"start":{"line":27,"column":97},"end":{"line":27,"column":null}}],"line":27},"3":{"loc":{"start":{"line":28,"column":4},"end":{"line":28,"column":null}},"type":"if","locations":[{"start":{"line":28,"column":4},"end":{"line":28,"column":null}},{"start":{},"end":{}}],"line":28},"4":{"loc":{"start":{"line":29,"column":4},"end":{"line":29,"column":null}},"type":"if","locations":[{"start":{"line":29,"column":4},"end":{"line":29,"column":null}},{"start":{},"end":{}}],"line":29}},"s":{"0":7,"1":5,"2":5,"3":2,"4":2,"5":2,"6":2,"7":1,"8":2,"9":1,"10":2,"11":1,"12":2,"13":2,"14":2},"f":{"0":7,"1":5,"2":2,"3":2,"4":2},"b":{"0":[1,1],"1":[1,1],"2":[0,1],"3":[1,1],"4":[1,1]},"meta":{"lastBranch":5,"lastFunction":5,"lastStatement":15,"seen":{"f:7:2:7:14":0,"s:7:31:7:48":0,"f:9:8:9:15":1,"s:10:4:10:Infinity":1,"s:11:4:11:Infinity":2,"f:14:8:14:Infinity":2,"s:18:16:21:14":3,"s:22:4:22:Infinity":4,"b:22:11:22:39:22:42:22:Infinity":0,"f:25:8:25:15":3,"s:26:45:26:47":5,"b:27:4:27:Infinity:undefined:undefined:undefined:undefined":1,"s:27:4:27:Infinity":6,"s:27:35:27:Infinity":7,"b:27:83:27:97:27:97:27:Infinity":2,"b:28:4:28:Infinity:undefined:undefined:undefined:undefined":3,"s:28:4:28:Infinity":8,"s:28:40:28:Infinity":9,"b:29:4:29:Infinity:undefined:undefined:undefined:undefined":4,"s:29:4:29:Infinity":10,"s:29:35:29:Infinity":11,"s:30:4:30:Infinity":12,"s:31:4:31:Infinity":13,"f:34:8:34:15":4,"s:35:4:35:Infinity":14}}}
,"/Users/ocastiblanco/andarios/parking/andarrios-parking/src/infrastructure/db/repositories/DexieMonthlyPaymentRepository.ts": {"path":"/Users/ocastiblanco/andarios/parking/andarrios-parking/src/infrastructure/db/repositories/DexieMonthlyPaymentRepository.ts","statementMap":{"0":{"start":{"line":7,"column":31},"end":{"line":7,"column":48}},"1":{"start":{"line":10,"column":4},"end":{"line":10,"column":null}}},"fnMap":{"0":{"name":"(anonymous_0)","decl":{"start":{"line":7,"column":2},"end":{"line":7,"column":14}},"loc":{"start":{"line":7,"column":48},"end":{"line":7,"column":48}},"line":7},"1":{"name":"(anonymous_1)","decl":{"start":{"line":9,"column":8},"end":{"line":9,"column":15}},"loc":{"start":{"line":9,"column":55},"end":{"line":10,"column":null}},"line":9}},"branchMap":{},"s":{"0":3,"1":5},"f":{"0":3,"1":5},"b":{},"meta":{"lastBranch":0,"lastFunction":2,"lastStatement":2,"seen":{"f:7:2:7:14":0,"s:7:31:7:48":0,"f:9:8:9:15":1,"s:10:4:10:Infinity":1}}}
[...]
,"/Users/ocastiblanco/andarios/parking/andarrios-parking/src/presentation/components/ui/AptoSelector.tsx": {"path":"/Users/ocastiblanco/andarios/parking/andarrios-parking/src/presentation/components/ui/AptoSelector.tsx","statementMap":{"0":{"start":{"line":1,"column":0},"end":{"line":1,"column":null}},"1":{"start":{"line":13,"column":59},"end":{"line":13,"column":61}},"2":{"start":{"line":14,"column":2},"end":{"line":19,"column":null}},"3":{"start":{"line":15,"column":14},"end":{"line":15,"column":33}},"4":{"start":{"line":16,"column":4},"end":{"line":19,"column":null}},"5":{"start":{"line":16,"column":21},"end":{"line":16,"column":24}},"6":{"start":{"line":17,"column":6},"end":{"line":19,"column":null}},"7":{"start":{"line":17,"column":22},"end":{"line":17,"column":25}},"8":{"start":{"line":18,"column":24},"end":{"line":18,"column":74}},"9":{"start":{"line":19,"column":8},"end":{"line":19,"column":null}},"10":{"start":{"line":25,"column":2},"end":{"line":30,"column":null}},"11":{"start":{"line":26,"column":4},"end":{"line":27,"column":null}},"12":{"start":{"line":27,"column":6},"end":{"line":27,"column":null}},"13":{"start":{"line":32,"column":2},"end":{"line":63,"column":null}},"14":{"start":{"line":36,"column":63},"end":{"line":36,"column":91}},"15":{"start":{"line":38,"column":52},"end":{"line":38,"column":58}},"16":{"start":{"line":39,"column":12},"end":{"line":39,"column":null}},"17":{"start":{"line":48,"column":27},"end":{"line":48,"column":58}},"18":{"start":{"line":53,"column":12},"end":{"line":55,"column":null}}},"fnMap":{"0":{"name":"AptoSelector","decl":{"start":{"line":12,"column":24},"end":{"line":12,"column":37}},"loc":{"start":{"line":12,"column":70},"end":{"line":63,"column":null}},"line":12},"1":{"name":"(anonymous_1)","decl":{"start":{"line":25,"column":2},"end":{"line":25,"column":18}},"loc":{"start":{"line":25,"column":18},"end":{"line":30,"column":6}},"line":25},"2":{"name":"(anonymous_2)","decl":{"start":{"line":36,"column":46},"end":{"line":36,"column":57}},"loc":{"start":{"line":36,"column":63},"end":{"line":36,"column":91}},"line":36},"3":{"name":"(anonymous_3)","decl":{"start":{"line":38,"column":40},"end":{"line":38,"column":43}},"loc":{"start":{"line":38,"column":52},"end":{"line":38,"column":58}},"line":38},"4":{"name":"(anonymous_4)","decl":{"start":{"line":38,"column":59},"end":{"line":38,"column":64}},"loc":{"start":{"line":39,"column":12},"end":{"line":39,"column":null}},"line":39},"5":{"name":"(anonymous_5)","decl":{"start":{"line":48,"column":10},"end":{"line":48,"column":21}},"loc":{"start":{"line":48,"column":27},"end":{"line":48,"column":58}},"line":48},"6":{"name":"(anonymous_6)","decl":{"start":{"line":52,"column":19},"end":{"line":52,"column":24}},"loc":{"start":{"line":53,"column":12},"end":{"line":55,"column":null}},"line":53}},"branchMap":{"0":{"loc":{"start":{"line":14,"column":2},"end":{"line":19,"column":null}},"type":"if","locations":[{"start":{"line":14,"column":2},"end":{"line":19,"column":null}},{"start":{},"end":{}}],"line":14},"1":{"loc":{"start":{"line":26,"column":4},"end":{"line":27,"column":null}},"type":"if","locations":[{"start":{"line":26,"column":4},"end":{"line":27,"column":null}},{"start":{},"end":{}}],"line":26},"2":{"loc":{"start":{"line":26,"column":8},"end":{"line":26,"column":78}},"type":"binary-expr","locations":[{"start":{"line":26,"column":8},"end":{"line":26,"column":15}},{"start":{"line":26,"column":15},"end":{"line":26,"column":24}},{"start":{"line":26,"column":24},"end":{"line":26,"column":78}}],"line":26},"3":{"loc":{"start":{"line":61,"column":57},"end":{"line":61,"column":68}},"type":"binary-expr","locations":[{"start":{"line":61,"column":57},"end":{"line":61,"column":64}},{"start":{"line":61,"column":64},"end":{"line":61,"column":68}}],"line":61}},"s":{"0":2,"1":24,"2":24,"3":10,"4":10,"5":10,"6":60,"7":60,"8":240,"9":240,"10":24,"11":15,"12":0,"13":24,"14":3,"15":288,"16":288,"17":2,"18":240},"f":{"0":24,"1":15,"2":3,"3":288,"4":288,"5":2,"6":240},"b":{"0":[10,14],"1":[0,15],"2":[15,1,1],"3":[24,17]},"meta":{"lastBranch":4,"lastFunction":7,"lastStatement":19,"seen":{"s:1:0:1:Infinity":0,"f:12:24:12:37":0,"s:13:59:13:61":1,"b:14:2:19:Infinity:undefined:undefined:undefined:undefined":0,"s:14:2:19:Infinity":2,"s:15:14:15:33":3,"s:16:4:19:Infinity":4,"s:16:21:16:24":5,"s:17:6:19:Infinity":6,"s:17:22:17:25":7,"s:18:24:18:74":8,"s:19:8:19:Infinity":9,"s:25:2:30:Infinity":10,"f:25:2:25:18":1,"b:26:4:27:Infinity:undefined:undefined:undefined:undefined":1,"s:26:4:27:Infinity":11,"b:26:8:26:15:26:15:26:24:26:24:26:78":2,"s:27:6:27:Infinity":12,"s:32:2:63:Infinity":13,"f:36:46:36:57":2,"s:36:63:36:91":14,"f:38:40:38:43":3,"s:38:52:38:58":15,"f:38:59:38:64":4,"s:39:12:39:Infinity":16,"f:48:10:48:21":5,"s:48:27:48:58":17,"f:52:19:52:24":6,"s:53:12:55:Infinity":18,"b:61:57:61:64:61:64:61:68":3}}}
,"/Users/ocastiblanco/andarios/parking/andarrios-parking/src/presentation/components/ui/Pagination.tsx": {"path":"/Users/ocastiblanco/andarios/parking/andarrios-parking/src/presentation/components/ui/Pagination.tsx","statementMap":{"0":{"start":{"line":1,"column":0},"end":{"line":1,"column":null}},"1":{"start":{"line":20,"column":2},"end":{"line":20,"column":null}},"2":{"start":{"line":20,"column":44},"end":{"line":20,"column":null}},"3":{"start":{"line":22,"column":15},"end":{"line":22,"column":null}},"4":{"start":{"line":23,"column":13},"end":{"line":23,"column":45}},"5":{"start":{"line":25,"column":2},"end":{"line":65,"column":null}},"6":{"start":{"line":38,"column":25},"end":{"line":38,"column":36}},"7":{"start":{"line":45,"column":25},"end":{"line":45,"column":43}},"8":{"start":{"line":55,"column":25},"end":{"line":55,"column":43}},"9":{"start":{"line":62,"column":25},"end":{"line":62,"column":45}}},"fnMap":{"0":{"name":"Pagination","decl":{"start":{"line":12,"column":24},"end":{"line":12,"column":35}},"loc":{"start":{"line":19,"column":20},"end":{"line":65,"column":null}},"line":19},"1":{"name":"(anonymous_1)","decl":{"start":{"line":38,"column":10},"end":{"line":38,"column":25}},"loc":{"start":{"line":38,"column":25},"end":{"line":38,"column":36}},"line":38},"2":{"name":"(anonymous_2)","decl":{"start":{"line":45,"column":10},"end":{"line":45,"column":25}},"loc":{"start":{"line":45,"column":25},"end":{"line":45,"column":43}},"line":45},"3":{"name":"(anonymous_3)","decl":{"start":{"line":55,"column":10},"end":{"line":55,"column":25}},"loc":{"start":{"line":55,"column":25},"end":{"line":55,"column":43}},"line":55},"4":{"name":"(anonymous_4)","decl":{"start":{"line":62,"column":10},"end":{"line":62,"column":25}},"loc":{"start":{"line":62,"column":25},"end":{"line":62,"column":45}},"line":62}},"branchMap":{"0":{"loc":{"start":{"line":20,"column":2},"end":{"line":20,"column":null}},"type":"if","locations":[{"start":{"line":20,"column":2},"end":{"line":20,"column":null}},{"start":{},"end":{}}],"line":20},"1":{"loc":{"start":{"line":20,"column":6},"end":{"line":20,"column":44}},"type":"binary-expr","locations":[{"start":{"line":20,"column":6},"end":{"line":20,"column":25}},{"start":{"line":20,"column":25},"end":{"line":20,"column":44}}],"line":20},"2":{"loc":{"start":{"line":22,"column":15},"end":{"line":22,"column":null}},"type":"cond-expr","locations":[{"start":{"line":22,"column":29},"end":{"line":22,"column":34}},{"start":{"line":22,"column":29},"end":{"line":22,"column":null}}],"line":22},"3":{"loc":{"start":{"line":28,"column":9},"end":{"line":32,"column":null}},"type":"cond-expr","locations":[{"start":{"line":29,"column":12},"end":{"line":29,"column":null}},{"start":{"line":30,"column":12},"end":{"line":32,"column":null}}],"line":28},"4":{"loc":{"start":{"line":30,"column":12},"end":{"line":32,"column":null}},"type":"cond-expr","locations":[{"start":{"line":31,"column":12},"end":{"line":31,"column":null}},{"start":{"line":32,"column":12},"end":{"line":32,"column":null}}],"line":30},"5":{"loc":{"start":{"line":37,"column":20},"end":{"line":37,"column":null}},"type":"binary-expr","locations":[{"start":{"line":37,"column":20},"end":{"line":37,"column":33}},{"start":{"line":37,"column":33},"end":{"line":37,"column":null}}],"line":37},"6":{"loc":{"start":{"line":44,"column":20},"end":{"line":44,"column":null}},"type":"binary-expr","locations":[{"start":{"line":44,"column":20},"end":{"line":44,"column":33}},{"start":{"line":44,"column":33},"end":{"line":44,"column":null}}],"line":44},"7":{"loc":{"start":{"line":54,"column":20},"end":{"line":54,"column":null}},"type":"binary-expr","locations":[{"start":{"line":54,"column":20},"end":{"line":54,"column":42}},{"start":{"line":54,"column":42},"end":{"line":54,"column":null}}],"line":54},"8":{"loc":{"start":{"line":61,"column":20},"end":{"line":61,"column":null}},"type":"binary-expr","locations":[{"start":{"line":61,"column":20},"end":{"line":61,"column":42}},{"start":{"line":61,"column":42},"end":{"line":61,"column":null}}],"line":61}},"s":{"0":1,"1":12,"2":1,"3":11,"4":12,"5":12,"6":1,"7":1,"8":1,"9":1},"f":{"0":12,"1":1,"2":1,"3":1,"4":1},"b":{"0":[1,11],"1":[12,1],"2":[1,10],"3":[2,9],"4":[1,8],"5":[12,9],"6":[12,9],"7":[12,10],"8":[12,10]},"meta":{"lastBranch":9,"lastFunction":5,"lastStatement":10,"seen":{"s:1:0:1:Infinity":0,"f:12:24:12:35":0,"b:20:2:20:Infinity:undefined:undefined:undefined:undefined":0,"s:20:2:20:Infinity":1,"b:20:6:20:25:20:25:20:44":1,"s:20:44:20:Infinity":2,"s:22:15:22:Infinity":3,"b:22:29:22:34:22:29:22:Infinity":2,"s:23:13:23:45":4,"s:25:2:65:Infinity":5,"b:29:12:29:Infinity:30:12:32:Infinity":3,"b:31:12:31:Infinity:32:12:32:Infinity":4,"b:37:20:37:33:37:33:37:Infinity":5,"f:38:10:38:25":1,"s:38:25:38:36":6,"b:44:20:44:33:44:33:44:Infinity":6,"f:45:10:45:25":2,"s:45:25:45:43":7,"b:54:20:54:42:54:42:54:Infinity":7,"f:55:10:55:25":3,"s:55:25:55:43":8,"b:61:20:61:42:61:42:61:Infinity":8,"f:62:10:62:25":4,"s:62:25:62:45":9}}}
,"/Users/ocastiblanco/andarios/parking/andarrios-parking/src/presentation/components/ui/StatusBar.tsx": {"path":"/Users/ocastiblanco/andarios/parking/andarrios-parking/src/presentation/components/ui/StatusBar.tsx","statementMap":{"0":{"start":{"line":1,"column":0},"end":{"line":1,"column":null}},"1":{"start":{"line":11,"column":2},"end":{"line":17,"column":null}},"2":{"start":{"line":12,"column":4},"end":{"line":12,"column":null}},"3":{"start":{"line":13,"column":9},"end":{"line":17,"column":null}},"4":{"start":{"line":14,"column":4},"end":{"line":14,"column":null}},"5":{"start":{"line":17,"column":4},"end":{"line":17,"column":null}},"6":{"start":{"line":20,"column":2},"end":{"line":23,"column":null}}},"fnMap":{"0":{"name":"StatusBar","decl":{"start":{"line":8,"column":24},"end":{"line":8,"column":34}},"loc":{"start":{"line":8,"column":71},"end":{"line":23,"column":null}},"line":8}},"branchMap":{"0":{"loc":{"start":{"line":11,"column":2},"end":{"line":17,"column":null}},"type":"if","locations":[{"start":{"line":11,"column":2},"end":{"line":17,"column":null}},{"start":{"line":13,"column":9},"end":{"line":17,"column":null}}],"line":11},"1":{"loc":{"start":{"line":13,"column":9},"end":{"line":17,"column":null}},"type":"if","locations":[{"start":{"line":13,"column":9},"end":{"line":17,"column":null}},{"start":{"line":15,"column":9},"end":{"line":17,"column":null}}],"line":13},"2":{"loc":{"start":{"line":14,"column":12},"end":{"line":14,"column":null}},"type":"cond-expr","locations":[{"start":{"line":14,"column":26},"end":{"line":14,"column":51}},{"start":{"line":14,"column":51},"end":{"line":14,"column":null}}],"line":14},"3":{"loc":{"start":{"line":17,"column":12},"end":{"line":17,"column":null}},"type":"cond-expr","locations":[{"start":{"line":17,"column":26},"end":{"line":17,"column":62}},{"start":{"line":17,"column":62},"end":{"line":17,"column":null}}],"line":17}},"s":{"0":1,"1":8,"2":2,"3":6,"4":3,"5":3,"6":8},"f":{"0":8},"b":{"0":[2,6],"1":[3,3],"2":[1,2],"3":[1,2]},"meta":{"lastBranch":4,"lastFunction":1,"lastStatement":7,"seen":{"s:1:0:1:Infinity":0,"f:8:24:8:34":0,"b:11:2:17:Infinity:13:9:17:Infinity":0,"s:11:2:17:Infinity":1,"s:12:4:12:Infinity":2,"b:13:9:17:Infinity:15:9:17:Infinity":1,"s:13:9:17:Infinity":3,"s:14:4:14:Infinity":4,"b:14:26:14:51:14:51:14:Infinity":2,"s:17:4:17:Infinity":5,"b:17:26:17:62:17:62:17:Infinity":3,"s:20:2:23:Infinity":6}}}
,"/Users/ocastiblanco/andarios/parking/andarrios-parking/src/presentation/forms/VisitorCheckInForm.tsx": {"path":"/Users/ocastiblanco/andarios/parking/andarrios-parking/src/presentation/forms/VisitorCheckInForm.tsx","statementMap":{"0":{"start":{"line":1,"column":0},"end":{"line":1,"column":null}},"1":{"start":{"line":26,"column":16},"end":{"line":26,"column":40}},"2":{"start":{"line":27,"column":14},"end":{"line":27,"column":36}},"3":{"start":{"line":28,"column":22},"end":{"line":28,"column":77}},"4":{"start":{"line":29,"column":16},"end":{"line":29,"column":40}},"5":{"start":{"line":30,"column":15},"end":{"line":30,"column":38}},"6":{"start":{"line":31,"column":16},"end":{"line":31,"column":40}},"7":{"start":{"line":32,"column":24},"end":{"line":32,"column":56}},"8":{"start":{"line":34,"column":23},"end":{"line":34,"column":null}},"9":{"start":{"line":37,"column":4},"end":{"line":37,"column":null}},"10":{"start":{"line":38,"column":4},"end":{"line":38,"column":null}},"11":{"start":{"line":40,"column":4},"end":{"line":42,"column":null}},"12":{"start":{"line":41,"column":6},"end":{"line":41,"column":null}},"13":{"start":{"line":42,"column":6},"end":{"line":42,"column":null}},"14":{"start":{"line":45,"column":20},"end":{"line":45,"column":46}},"15":{"start":{"line":46,"column":4},"end":{"line":48,"column":null}},"16":{"start":{"line":47,"column":6},"end":{"line":47,"column":null}},"17":{"start":{"line":48,"column":6},"end":{"line":48,"column":null}},"18":{"start":{"line":51,"column":4},"end":{"line":57,"column":null}},"19":{"start":{"line":60,"column":4},"end":{"line":60,"column":null}},"20":{"start":{"line":61,"column":4},"end":{"line":61,"column":null}},"21":{"start":{"line":62,"column":4},"end":{"line":62,"column":null}},"22":{"start":{"line":63,"column":4},"end":{"line":63,"column":null}},"23":{"start":{"line":64,"column":4},"end":{"line":64,"column":null}},"24":{"start":{"line":67,"column":2},"end":{"line":131,"column":null}},"25":{"start":{"line":74,"column":12},"end":{"line":74,"column":null}},"26":{"start":{"line":75,"column":12},"end":{"line":75,"column":null}},"27":{"start":{"line":86,"column":29},"end":{"line":86,"column":83}},"28":{"start":{"line":99,"column":29},"end":{"line":99,"column":67}},"29":{"start":{"line":111,"column":29},"end":{"line":111,"column":null}},"30":{"start":{"line":121,"column":29},"end":{"line":121,"column":53}}},"fnMap":{"0":{"name":"VisitorCheckInForm","decl":{"start":{"line":20,"column":24},"end":{"line":20,"column":43}},"loc":{"start":{"line":25,"column":28},"end":{"line":131,"column":null}},"line":25},"1":{"name":"handleSubmit","decl":{"start":{"line":36,"column":17},"end":{"line":36,"column":30}},"loc":{"start":{"line":36,"column":50},"end":{"line":64,"column":null}},"line":36},"2":{"name":"(anonymous_2)","decl":{"start":{"line":73,"column":10},"end":{"line":73,"column":21}},"loc":{"start":{"line":73,"column":30},"end":{"line":75,"column":null}},"line":73},"3":{"name":"(anonymous_3)","decl":{"start":{"line":86,"column":12},"end":{"line":86,"column":23}},"loc":{"start":{"line":86,"column":29},"end":{"line":86,"column":83}},"line":86},"4":{"name":"(anonymous_4)","decl":{"start":{"line":99,"column":12},"end":{"line":99,"column":23}},"loc":{"start":{"line":99,"column":29},"end":{"line":99,"column":67}},"line":99},"5":{"name":"(anonymous_5)","decl":{"start":{"line":111,"column":12},"end":{"line":111,"column":23}},"loc":{"start":{"line":111,"column":29},"end":{"line":111,"column":null}},"line":111},"6":{"name":"(anonymous_6)","decl":{"start":{"line":121,"column":12},"end":{"line":121,"column":23}},"loc":{"start":{"line":121,"column":29},"end":{"line":121,"column":53}},"line":121}},"branchMap":{"0":{"loc":{"start":{"line":22,"column":2},"end":{"line":22,"column":null}},"type":"default-arg","locations":[{"start":{"line":22,"column":13},"end":{"line":22,"column":null}}],"line":22},"1":{"loc":{"start":{"line":34,"column":23},"end":{"line":34,"column":null}},"type":"binary-expr","locations":[{"start":{"line":34,"column":23},"end":{"line":34,"column":40}},{"start":{"line":34,"column":40},"end":{"line":34,"column":null}}],"line":34},"2":{"loc":{"start":{"line":40,"column":4},"end":{"line":42,"column":null}},"type":"if","locations":[{"start":{"line":40,"column":4},"end":{"line":42,"column":null}},{"start":{},"end":{}}],"line":40},"3":{"loc":{"start":{"line":46,"column":4},"end":{"line":48,"column":null}},"type":"if","locations":[{"start":{"line":46,"column":4},"end":{"line":48,"column":null}},{"start":{},"end":{}}],"line":46},"4":{"loc":{"start":{"line":55,"column":12},"end":{"line":55,"column":null}},"type":"binary-expr","locations":[{"start":{"line":55,"column":12},"end":{"line":55,"column":23}},{"start":{"line":55,"column":27},"end":{"line":55,"column":null}}],"line":55},"5":{"loc":{"start":{"line":127,"column":7},"end":{"line":127,"column":null}},"type":"binary-expr","locations":[{"start":{"line":127,"column":7},"end":{"line":127,"column":23}},{"start":{"line":127,"column":23},"end":{"line":127,"column":null}}],"line":127},"6":{"loc":{"start":{"line":130,"column":9},"end":{"line":130,"column":null}},"type":"cond-expr","locations":[{"start":{"line":130,"column":20},"end":{"line":130,"column":43}},{"start":{"line":130,"column":43},"end":{"line":130,"column":null}}],"line":130}},"s":{"0":1,"1":20,"2":20,"3":20,"4":20,"5":20,"6":20,"7":20,"8":20,"9":3,"10":3,"11":3,"12":1,"13":1,"14":2,"15":2,"16":1,"17":1,"18":1,"19":1,"20":1,"21":1,"22":1,"23":1,"24":20,"25":4,"26":4,"27":0,"28":3,"29":1,"30":1},"f":{"0":20,"1":3,"2":4,"3":0,"4":3,"5":1,"6":1},"b":{"0":[20],"1":[20,18],"2":[1,2],"3":[1,1],"4":[1,0],"5":[20,3],"6":[1,19]},"meta":{"lastBranch":7,"lastFunction":7,"lastStatement":31,"seen":{"s:1:0:1:Infinity":0,"f:20:24:20:43":0,"b:22:13:22:Infinity":0,"s:26:16:26:40":1,"s:27:14:27:36":2,"s:28:22:28:77":3,"s:29:16:29:40":4,"s:30:15:30:38":5,"s:31:16:31:40":6,"s:32:24:32:56":7,"s:34:23:34:Infinity":8,"b:34:23:34:40:34:40:34:Infinity":1,"f:36:17:36:30":1,"s:37:4:37:Infinity":9,"s:38:4:38:Infinity":10,"b:40:4:42:Infinity:undefined:undefined:undefined:undefined":2,"s:40:4:42:Infinity":11,"s:41:6:41:Infinity":12,"s:42:6:42:Infinity":13,"s:45:20:45:46":14,"b:46:4:48:Infinity:undefined:undefined:undefined:undefined":3,"s:46:4:48:Infinity":15,"s:47:6:47:Infinity":16,"s:48:6:48:Infinity":17,"s:51:4:57:Infinity":18,"b:55:12:55:23:55:27:55:Infinity":4,"s:60:4:60:Infinity":19,"s:61:4:61:Infinity":20,"s:62:4:62:Infinity":21,"s:63:4:63:Infinity":22,"s:64:4:64:Infinity":23,"s:67:2:131:Infinity":24,"f:73:10:73:21":2,"s:74:12:74:Infinity":25,"s:75:12:75:Infinity":26,"f:86:12:86:23":3,"s:86:29:86:83":27,"f:99:12:99:23":4,"s:99:29:99:67":28,"f:111:12:111:23":5,"s:111:29:111:Infinity":29,"f:121:12:121:23":6,"s:121:29:121:53":30,"b:127:7:127:23:127:23:127:Infinity":5,"b:130:20:130:43:130:43:130:Infinity":6}}}
}
